This is pdfTeX, Version 3.14159265-2.6-1.40.17 (MiKTeX 2.9.6210 64-bit) (preloaded format=pdflatex 2017.3.21)  17 SEP 2019 13:05
entering extended mode
**C:/Users/DominiqueFournier/Dropbox/UBC/ResearchDomFournier/PhDThesis/Thesis_R
evised/Thesis_Driver.tex

(C:/Users/DominiqueFournier/Dropbox/UBC/ResearchDomFournier/PhDThesis/Thesis_Re
vised/Thesis_Driver.tex
LaTeX2e <2017/01/01> patch level 1
Babel <3.9r> and hyphenation patterns for 75 language(s) loaded.
(ubcdiss.cls
Document Class: ubcdiss 2008/04/06
("C:\Program Files\MiKTeX 2.9\tex\latex\tools\calc.sty"
Package: calc 2014/10/28 v4.3 Infix arithmetic (KKT,FJ)
\calc@Acount=\count79
\calc@Bcount=\count80
\calc@Adimen=\dimen102
\calc@Bdimen=\dimen103
\calc@Askip=\skip41
\calc@Bskip=\skip42
LaTeX Info: Redefining \setlength on input line 80.
LaTeX Info: Redefining \addtolength on input line 81.
\calc@Ccount=\count81
\calc@Cskip=\skip43
)
("C:\Program Files\MiKTeX 2.9\tex\latex\base\ifthen.sty"
Package: ifthen 2014/09/29 v1.1c Standard LaTeX ifthen package (DPC)
)
Using one-and-a-half spacing
("C:\Program Files\MiKTeX 2.9\tex\latex\base\book.cls"
Document Class: book 2014/09/29 v1.4h Standard LaTeX document class
("C:\Program Files\MiKTeX 2.9\tex\latex\base\bk11.clo"
File: bk11.clo 2014/09/29 v1.4h Standard LaTeX file (size option)
)
\c@part=\count82
\c@chapter=\count83
\c@section=\count84
\c@subsection=\count85
\c@subsubsection=\count86
\c@paragraph=\count87
\c@subparagraph=\count88
\c@figure=\count89
\c@table=\count90
\abovecaptionskip=\skip44
\belowcaptionskip=\skip45
\bibindent=\dimen104
)
("C:\Program Files\MiKTeX 2.9\tex\latex\setspace\setspace.sty"
Package: setspace 2011/12/19 v6.7a set line spacing
)
("C:\Program Files\MiKTeX 2.9\tex\latex\textcase\textcase.sty"
Package: textcase 2004/10/07 v0.07 Text only upper/lower case changing (DPC)
)
("C:\Program Files\MiKTeX 2.9\tex\latex\tocbibind\tocbibind.sty"
Package: tocbibind 2010/10/13 v1.5k extra ToC listings
Package tocbibind Info: The document has chapter divisions on input line 50.


Package tocbibind Note: Using chapter style headings, unless overridden.

) ("C:\Program Files\MiKTeX 2.9\tex\latex\tocloft\tocloft.sty"
Package: tocloft 2017/08/31 v2.3i parameterised ToC, etc., typesetting
Package tocloft Info: The document has chapter divisions on input line 51.
\cftparskip=\skip46
\cftbeforetoctitleskip=\skip47
\cftaftertoctitleskip=\skip48
\cftbeforepartskip=\skip49
\cftpartnumwidth=\skip50
\cftpartindent=\skip51
\cftbeforechapskip=\skip52
\cftchapindent=\skip53
\cftchapnumwidth=\skip54
\cftbeforesecskip=\skip55
\cftsecindent=\skip56
\cftsecnumwidth=\skip57
\cftbeforesubsecskip=\skip58
\cftsubsecindent=\skip59
\cftsubsecnumwidth=\skip60
\cftbeforesubsubsecskip=\skip61
\cftsubsubsecindent=\skip62
\cftsubsubsecnumwidth=\skip63
\cftbeforeparaskip=\skip64
\cftparaindent=\skip65
\cftparanumwidth=\skip66
\cftbeforesubparaskip=\skip67
\cftsubparaindent=\skip68
\cftsubparanumwidth=\skip69
\cftbeforeloftitleskip=\skip70
\cftafterloftitleskip=\skip71
\cftbeforefigskip=\skip72
\cftfigindent=\skip73
\cftfignumwidth=\skip74
\c@lofdepth=\count91
\c@lotdepth=\count92
\cftbeforelottitleskip=\skip75
\cftafterlottitleskip=\skip76
\cftbeforetabskip=\skip77
\cfttabindent=\skip78
\cfttabnumwidth=\skip79
)
\@figprefixlen=\skip80
\@tabprefixlen=\skip81
)
("C:\Program Files\MiKTeX 2.9\tex\latex\graphics\rotating.sty"
Package: rotating 2016/08/11 v2.16d rotated objects in LaTeX

("C:\Program Files\MiKTeX 2.9\tex\latex\graphics\graphicx.sty"
Package: graphicx 2014/10/28 v1.0g Enhanced LaTeX Graphics (DPC,SPQR)

("C:\Program Files\MiKTeX 2.9\tex\latex\graphics\keyval.sty"
Package: keyval 2014/10/28 v1.15 key=value parser (DPC)
\KV@toks@=\toks14
)
("C:\Program Files\MiKTeX 2.9\tex\latex\graphics\graphics.sty"
Package: graphics 2016/10/09 v1.0u Standard LaTeX Graphics (DPC,SPQR)

("C:\Program Files\MiKTeX 2.9\tex\latex\graphics\trig.sty"
Package: trig 2016/01/03 v1.10 sin cos tan (DPC)
)
("C:\Program Files\MiKTeX 2.9\tex\latex\graphics-cfg\graphics.cfg"
File: graphics.cfg 2016/06/04 v1.11 sample graphics configuration
)
Package graphics Info: Driver file: pdftex.def on input line 99.

("C:\Program Files\MiKTeX 2.9\tex\latex\graphics-def\pdftex.def"
File: pdftex.def 2017/01/12 v0.06k Graphics/color for pdfTeX

("C:\Program Files\MiKTeX 2.9\tex\generic\oberdiek\infwarerr.sty"
Package: infwarerr 2016/05/16 v1.4 Providing info/warning/error messages (HO)
)
("C:\Program Files\MiKTeX 2.9\tex\generic\oberdiek\ltxcmds.sty"
Package: ltxcmds 2016/05/16 v1.23 LaTeX kernel commands for general use (HO)
)
\Gread@gobject=\count93
))
\Gin@req@height=\dimen105
\Gin@req@width=\dimen106
)
\c@r@tfl@t=\count94
\rotFPtop=\skip82
\rotFPbot=\skip83
\rot@float@box=\box26
\rot@mess@toks=\toks15
)
("C:\Program Files\MiKTeX 2.9\tex\latex\psnfss\times.sty"
Package: times 2005/04/12 PSNFSS-v9.2a (SPQR) 
)
("C:\Program Files\MiKTeX 2.9\tex\latex\psnfss\mathptmx.sty"
Package: mathptmx 2005/04/12 PSNFSS-v9.2a Times w/ Math, improved (SPQR, WaS) 
LaTeX Font Info:    Redeclaring symbol font `operators' on input line 28.
LaTeX Font Info:    Overwriting symbol font `operators' in version `normal'
(Font)                  OT1/cmr/m/n --> OT1/ztmcm/m/n on input line 28.
LaTeX Font Info:    Overwriting symbol font `operators' in version `bold'
(Font)                  OT1/cmr/bx/n --> OT1/ztmcm/m/n on input line 28.
LaTeX Font Info:    Redeclaring symbol font `letters' on input line 29.
LaTeX Font Info:    Overwriting symbol font `letters' in version `normal'
(Font)                  OML/cmm/m/it --> OML/ztmcm/m/it on input line 29.
LaTeX Font Info:    Overwriting symbol font `letters' in version `bold'
(Font)                  OML/cmm/b/it --> OML/ztmcm/m/it on input line 29.
LaTeX Font Info:    Redeclaring symbol font `symbols' on input line 30.
LaTeX Font Info:    Overwriting symbol font `symbols' in version `normal'
(Font)                  OMS/cmsy/m/n --> OMS/ztmcm/m/n on input line 30.
LaTeX Font Info:    Overwriting symbol font `symbols' in version `bold'
(Font)                  OMS/cmsy/b/n --> OMS/ztmcm/m/n on input line 30.
LaTeX Font Info:    Redeclaring symbol font `largesymbols' on input line 31.
LaTeX Font Info:    Overwriting symbol font `largesymbols' in version `normal'
(Font)                  OMX/cmex/m/n --> OMX/ztmcm/m/n on input line 31.
LaTeX Font Info:    Overwriting symbol font `largesymbols' in version `bold'
(Font)                  OMX/cmex/m/n --> OMX/ztmcm/m/n on input line 31.
\symbold=\mathgroup4
\symitalic=\mathgroup5
LaTeX Font Info:    Redeclaring math alphabet \mathbf on input line 34.
LaTeX Font Info:    Overwriting math alphabet `\mathbf' in version `normal'
(Font)                  OT1/cmr/bx/n --> OT1/ptm/bx/n on input line 34.
LaTeX Font Info:    Overwriting math alphabet `\mathbf' in version `bold'
(Font)                  OT1/cmr/bx/n --> OT1/ptm/bx/n on input line 34.
LaTeX Font Info:    Redeclaring math alphabet \mathit on input line 35.
LaTeX Font Info:    Overwriting math alphabet `\mathit' in version `normal'
(Font)                  OT1/cmr/m/it --> OT1/ptm/m/it on input line 35.
LaTeX Font Info:    Overwriting math alphabet `\mathit' in version `bold'
(Font)                  OT1/cmr/bx/it --> OT1/ptm/m/it on input line 35.
LaTeX Info: Redefining \hbar on input line 50.
)
("C:\Program Files\MiKTeX 2.9\tex\latex\psnfss\courier.sty"
Package: courier 2005/04/12 PSNFSS-v9.2a (WaS) 
)
("C:\Program Files\MiKTeX 2.9\tex\latex\psnfss\helvet.sty"
Package: helvet 2005/04/12 PSNFSS-v9.2a (WaS) 
)
("C:\Program Files\MiKTeX 2.9\tex\latex\amsfonts\amssymb.sty"
Package: amssymb 2013/01/14 v3.01 AMS font symbols

("C:\Program Files\MiKTeX 2.9\tex\latex\amsfonts\amsfonts.sty"
Package: amsfonts 2013/01/14 v3.01 Basic AMSFonts support
\@emptytoks=\toks16
\symAMSa=\mathgroup6
\symAMSb=\mathgroup7
LaTeX Font Info:    Overwriting math alphabet `\mathfrak' in version `bold'
(Font)                  U/euf/m/n --> U/euf/b/n on input line 106.
))
("C:\Program Files\MiKTeX 2.9\tex\latex\amsmath\amsmath.sty"
Package: amsmath 2016/11/05 v2.16a AMS math features
\@mathmargin=\skip84

For additional information on amsmath, use the `?' option.
("C:\Program Files\MiKTeX 2.9\tex\latex\amsmath\amstext.sty"
Package: amstext 2000/06/29 v2.01 AMS text

("C:\Program Files\MiKTeX 2.9\tex\latex\amsmath\amsgen.sty"
File: amsgen.sty 1999/11/30 v2.0 generic functions
\@emptytoks=\toks17
\ex@=\dimen107
))
("C:\Program Files\MiKTeX 2.9\tex\latex\amsmath\amsbsy.sty"
Package: amsbsy 1999/11/29 v1.2d Bold Symbols
\pmbraise@=\dimen108
)
("C:\Program Files\MiKTeX 2.9\tex\latex\amsmath\amsopn.sty"
Package: amsopn 2016/03/08 v2.02 operator names
)
\inf@bad=\count95
LaTeX Info: Redefining \frac on input line 213.
\uproot@=\count96
\leftroot@=\count97
LaTeX Info: Redefining \overline on input line 375.
\classnum@=\count98
\DOTSCASE@=\count99
LaTeX Info: Redefining \ldots on input line 472.
LaTeX Info: Redefining \dots on input line 475.
LaTeX Info: Redefining \cdots on input line 596.
\Mathstrutbox@=\box27
\strutbox@=\box28
\big@size=\dimen109
LaTeX Font Info:    Redeclaring font encoding OML on input line 712.
LaTeX Font Info:    Redeclaring font encoding OMS on input line 713.
\macc@depth=\count100
\c@MaxMatrixCols=\count101
\dotsspace@=\muskip10
\c@parentequation=\count102
\dspbrk@lvl=\count103
\tag@help=\toks18
\row@=\count104
\column@=\count105
\maxfields@=\count106
\andhelp@=\toks19
\eqnshift@=\dimen110
\alignsep@=\dimen111
\tagshift@=\dimen112
\tagwidth@=\dimen113
\totwidth@=\dimen114
\lineht@=\dimen115
\@envbody=\toks20
\multlinegap=\skip85
\multlinetaggap=\skip86
\mathdisplay@stack=\toks21
LaTeX Info: Redefining \[ on input line 2817.
LaTeX Info: Redefining \] on input line 2818.
)
("C:\Program Files\MiKTeX 2.9\tex\latex\multirow\multirow.sty"
Package: multirow 2016/11/25 v2.2 Span multiple rows of a table
\multirow@colwidth=\skip87
\multirow@cntb=\count107
\multirow@dima=\skip88
\bigstrutjot=\dimen116
)
("C:\Program Files\MiKTeX 2.9\tex\latex\xcolor\xcolor.sty"
Package: xcolor 2016/05/11 v2.12 LaTeX color extensions (UK)

("C:\Program Files\MiKTeX 2.9\tex\latex\graphics-cfg\color.cfg"
File: color.cfg 2016/01/02 v1.6 sample color configuration
)
Package xcolor Info: Driver file: pdftex.def on input line 225.
Package xcolor Info: Model `cmy' substituted by `cmy0' on input line 1348.
Package xcolor Info: Model `hsb' substituted by `rgb' on input line 1352.
Package xcolor Info: Model `RGB' extended on input line 1364.
Package xcolor Info: Model `HTML' substituted by `rgb' on input line 1366.
Package xcolor Info: Model `Hsb' substituted by `hsb' on input line 1367.
Package xcolor Info: Model `tHsb' substituted by `hsb' on input line 1368.
Package xcolor Info: Model `HSB' substituted by `hsb' on input line 1369.
Package xcolor Info: Model `Gray' substituted by `gray' on input line 1370.
Package xcolor Info: Model `wave' substituted by `hsb' on input line 1371.
)
("C:\Program Files\MiKTeX 2.9\tex\latex\mathtools\mathtools.sty"
Package: mathtools 2018/01/08 v1.21 mathematical typesetting tools

("C:\Program Files\MiKTeX 2.9\tex\latex\mathtools\mhsetup.sty"
Package: mhsetup 2017/03/31 v1.3 programming setup (MH)
)
LaTeX Info: Thecontrolsequence`\('isalreadyrobust on input line 129.
LaTeX Info: Thecontrolsequence`\)'isalreadyrobust on input line 129.
LaTeX Info: Thecontrolsequence`\['isalreadyrobust on input line 129.
LaTeX Info: Thecontrolsequence`\]'isalreadyrobust on input line 129.
\g_MT_multlinerow_int=\count108
\l_MT_multwidth_dim=\dimen117
\origjot=\skip89
\l_MT_shortvdotswithinadjustabove_dim=\dimen118
\l_MT_shortvdotswithinadjustbelow_dim=\dimen119
\l_MT_above_intertext_sep=\dimen120
\l_MT_below_intertext_sep=\dimen121
\l_MT_above_shortintertext_sep=\dimen122
\l_MT_below_shortintertext_sep=\dimen123
)
("C:\Program Files\MiKTeX 2.9\tex\latex\psnfss\pifont.sty"
Package: pifont 2005/04/12 PSNFSS-v9.2a Pi font support (SPQR) 
LaTeX Font Info:    Try loading font information for U+pzd on input line 63.

("C:\Program Files\MiKTeX 2.9\tex\latex\psnfss\upzd.fd"
File: upzd.fd 2001/06/04 font definitions for U/pzd.
)
LaTeX Font Info:    Try loading font information for U+psy on input line 64.

("C:\Program Files\MiKTeX 2.9\tex\latex\psnfss\upsy.fd"
File: upsy.fd 2001/06/04 font definitions for U/psy.
))
("C:\Program Files\MiKTeX 2.9\tex\latex\bezos\checkend.sty"
Package: checkend 2002/04/20 v1.0 Environment checking
)
("C:\Program Files\MiKTeX 2.9\tex\latex\booktabs\booktabs.sty"
Package: booktabs 2005/04/14 v1.61803 publication quality tables
\heavyrulewidth=\dimen124
\lightrulewidth=\dimen125
\cmidrulewidth=\dimen126
\belowrulesep=\dimen127
\belowbottomsep=\dimen128
\aboverulesep=\dimen129
\abovetopsep=\dimen130
\cmidrulesep=\dimen131
\cmidrulekern=\dimen132
\defaultaddspace=\dimen133
\@cmidla=\count109
\@cmidlb=\count110
\@aboverulesep=\dimen134
\@belowrulesep=\dimen135
\@thisruleclass=\count111
\@lastruleclass=\count112
\@thisrulewidth=\dimen136
)
("C:\Program Files\MiKTeX 2.9\tex\latex\listings\listings.sty"
\lst@mode=\count113
\lst@gtempboxa=\box29
\lst@token=\toks22
\lst@length=\count114
\lst@currlwidth=\dimen137
\lst@column=\count115
\lst@pos=\count116
\lst@lostspace=\dimen138
\lst@width=\dimen139
\lst@newlines=\count117
\lst@lineno=\count118
\lst@maxwidth=\dimen140

("C:\Program Files\MiKTeX 2.9\tex\latex\listings\lstmisc.sty"
File: lstmisc.sty 2015/06/04 1.6 (Carsten Heinz)
\c@lstnumber=\count119
\lst@skipnumbers=\count120
\lst@framebox=\box30
)
("C:\Program Files\MiKTeX 2.9\tex\latex\listings\listings.cfg"
File: listings.cfg 2015/06/04 1.6 listings configuration
))
Package: listings 2015/06/04 1.6 (Carsten Heinz)

("C:\Program Files\MiKTeX 2.9\tex\latex\acronym\acronym.sty"
Package: acronym 2015/03/21 v1.41 Support for acronyms (Tobias Oetiker)

("C:\Program Files\MiKTeX 2.9\tex\latex\bigfoot\suffix.sty"
Package: suffix 2006/07/15 1.5a Variant command support
)
("C:\Program Files\MiKTeX 2.9\tex\latex\xstring\xstring.sty"
("C:\Program Files\MiKTeX 2.9\tex\generic\xstring\xstring.tex"
\@xs@message=\write3
\integerpart=\count121
\decimalpart=\count122
)
Package: xstring 2013/10/13  v1.7c  String manipulations (C Tellechea)
)
\AC@clearlist=\toks23
)
("C:\Program Files\MiKTeX 2.9\tex\latex\comment\comment.sty"
\CommentStream=\write4

Excluding comment 'comment')
("C:\Program Files\MiKTeX 2.9\tex\latex\natbib\natbib.sty"
Package: natbib 2010/09/13 8.31b (PWD, AO)
\bibhang=\skip90
\bibsep=\skip91
LaTeX Info: Redefining \cite on input line 694.
\c@NAT@ctr=\count123
)
("C:\Program Files\MiKTeX 2.9\tex\latex\titlesec\titlesec.sty"
Package: titlesec 2016/03/21 v2.10.2 Sectioning titles
\ttl@box=\box31
\beforetitleunit=\skip92
\aftertitleunit=\skip93
\ttl@plus=\dimen141
\ttl@minus=\dimen142
\ttl@toksa=\toks24
\titlewidth=\dimen143
\titlewidthlast=\dimen144
\titlewidthfirst=\dimen145
)
("C:\Program Files\MiKTeX 2.9\tex\latex\caption\caption.sty"
Package: caption 2016/02/21 v3.3-144 Customizing captions (AR)

("C:\Program Files\MiKTeX 2.9\tex\latex\caption\caption3.sty"
Package: caption3 2016/05/22 v1.7-166 caption3 kernel (AR)
Package caption3 Info: TeX engine: e-TeX on input line 67.
\captionmargin=\dimen146
\captionmargin@=\dimen147
\captionwidth=\dimen148
\caption@tempdima=\dimen149
\caption@indent=\dimen150
\caption@parindent=\dimen151
\caption@hangindent=\dimen152
)
\c@ContinuedFloat=\count124
Package caption Info: listings package is loaded.
Package caption Info: rotating package is loaded.
)
("C:\Program Files\MiKTeX 2.9\tex\latex\url\url.sty"
\Urlmuskip=\muskip11
Package: url 2013/09/16  ver 3.4  Verb mode for urls, etc.
)
("C:\Program Files\MiKTeX 2.9\tex\latex\hyperref\hyperref.sty"
Package: hyperref 2016/06/24 v6.83q Hypertext links for LaTeX

("C:\Program Files\MiKTeX 2.9\tex\generic\oberdiek\hobsub-hyperref.sty"
Package: hobsub-hyperref 2016/05/16 v1.14 Bundle oberdiek, subset hyperref (HO)


("C:\Program Files\MiKTeX 2.9\tex\generic\oberdiek\hobsub-generic.sty"
Package: hobsub-generic 2016/05/16 v1.14 Bundle oberdiek, subset generic (HO)
Package: hobsub 2016/05/16 v1.14 Construct package bundles (HO)
Package hobsub Info: Skipping package `infwarerr' (already loaded).
Package hobsub Info: Skipping package `ltxcmds' (already loaded).
Package: ifluatex 2016/05/16 v1.4 Provides the ifluatex switch (HO)
Package ifluatex Info: LuaTeX not detected.
Package: ifvtex 2016/05/16 v1.6 Detect VTeX and its facilities (HO)
Package ifvtex Info: VTeX not detected.
Package: intcalc 2016/05/16 v1.2 Expandable calculations with integers (HO)
Package: ifpdf 2016/05/14 v3.1 Provides the ifpdf switch
Package: etexcmds 2016/05/16 v1.6 Avoid name clashes with e-TeX commands (HO)
Package etexcmds Info: Could not find \expanded.
(etexcmds)             That can mean that you are not using pdfTeX 1.50 or
(etexcmds)             that some package has redefined \expanded.
(etexcmds)             In the latter case, load this package earlier.
Package: kvsetkeys 2016/05/16 v1.17 Key value parser (HO)
Package: kvdefinekeys 2016/05/16 v1.4 Define keys (HO)
Package: pdftexcmds 2016/05/21 v0.22 Utility functions of pdfTeX for LuaTeX (HO
)
Package pdftexcmds Info: LuaTeX not detected.
Package pdftexcmds Info: \pdf@primitive is available.
Package pdftexcmds Info: \pdf@ifprimitive is available.
Package pdftexcmds Info: \pdfdraftmode found.
Package: pdfescape 2016/05/16 v1.14 Implements pdfTeX's escape features (HO)
Package: bigintcalc 2016/05/16 v1.4 Expandable calculations on big integers (HO
)
Package: bitset 2016/05/16 v1.2 Handle bit-vector datatype (HO)
Package: uniquecounter 2016/05/16 v1.3 Provide unlimited unique counter (HO)
)
Package hobsub Info: Skipping package `hobsub' (already loaded).
Package: letltxmacro 2016/05/16 v1.5 Let assignment for LaTeX macros (HO)
Package: hopatch 2016/05/16 v1.3 Wrapper for package hooks (HO)
Package: xcolor-patch 2016/05/16 xcolor patch
Package: atveryend 2016/05/16 v1.9 Hooks at the very end of document (HO)
Package atveryend Info: \enddocument detected (standard20110627).
Package: atbegshi 2016/06/09 v1.18 At begin shipout hook (HO)
Package: refcount 2016/05/16 v3.5 Data extraction from label references (HO)
Package: hycolor 2016/05/16 v1.8 Color options for hyperref/bookmark (HO)
)
("C:\Program Files\MiKTeX 2.9\tex\generic\ifxetex\ifxetex.sty"
Package: ifxetex 2010/09/12 v0.6 Provides ifxetex conditional
)
("C:\Program Files\MiKTeX 2.9\tex\latex\oberdiek\auxhook.sty"
Package: auxhook 2016/05/16 v1.4 Hooks for auxiliary files (HO)
)
("C:\Program Files\MiKTeX 2.9\tex\latex\oberdiek\kvoptions.sty"
Package: kvoptions 2016/05/16 v3.12 Key value format for package options (HO)
)
\@linkdim=\dimen153
\Hy@linkcounter=\count125
\Hy@pagecounter=\count126

("C:\Program Files\MiKTeX 2.9\tex\latex\hyperref\pd1enc.def"
File: pd1enc.def 2016/06/24 v6.83q Hyperref: PDFDocEncoding definition (HO)
)
\Hy@SavedSpaceFactor=\count127

("C:\Program Files\MiKTeX 2.9\tex\latex\00miktex\hyperref.cfg"
File: hyperref.cfg 2002/06/06 v1.2 hyperref configuration of TeXLive
)
Package hyperref Info: Option `bookmarks' set `true' on input line 4362.
Package hyperref Info: Option `bookmarksnumbered' set `true' on input line 4362
.
Package hyperref Info: Option `linktocpage' set `true' on input line 4362.
Package hyperref Info: Hyper figures OFF on input line 4486.
Package hyperref Info: Link nesting OFF on input line 4491.
Package hyperref Info: Hyper index ON on input line 4494.
Package hyperref Info: Plain pages OFF on input line 4501.
Package hyperref Info: Backreferencing ON on input line 4504.
Package hyperref Info: Implicit mode ON; LaTeX internals redefined.
Package hyperref Info: Bookmarks ON on input line 4735.

("C:\Program Files\MiKTeX 2.9\tex\latex\hyperref\backref.sty"
Package: backref 2016/05/21 v1.39 Bibliographical back referencing

("C:\Program Files\MiKTeX 2.9\tex\latex\oberdiek\rerunfilecheck.sty"
Package: rerunfilecheck 2016/05/16 v1.8 Rerun checks for auxiliary files (HO)
Package uniquecounter Info: New unique counter `rerunfilecheck' on input line 2
82.
))
\c@Hy@tempcnt=\count128
LaTeX Info: Redefining \url on input line 5088.
\XeTeXLinkMargin=\dimen154
\Fld@menulength=\count129
\Field@Width=\dimen155
\Fld@charsize=\dimen156
Package hyperref Info: Hyper figures OFF on input line 6342.
Package hyperref Info: Link nesting OFF on input line 6347.
Package hyperref Info: Hyper index ON on input line 6350.
Package hyperref Info: backreferencing ON on input line 6355.
Package hyperref Info: Link coloring OFF on input line 6362.
Package hyperref Info: Link coloring with OCG OFF on input line 6367.
Package hyperref Info: PDF/A mode OFF on input line 6372.
LaTeX Info: Redefining \ref on input line 6412.
LaTeX Info: Redefining \pageref on input line 6416.
\Hy@abspage=\count130
\c@Item=\count131
\c@Hfootnote=\count132
)

Package hyperref Message: Driver (autodetected): hpdftex.

("C:\Program Files\MiKTeX 2.9\tex\latex\hyperref\hpdftex.def"
File: hpdftex.def 2016/06/24 v6.83q Hyperref driver for pdfTeX
\Fld@listcount=\count133
\c@bookmark@seq@number=\count134
\Hy@SectionHShift=\skip94
) (macros.tex)
("C:\Program Files\MiKTeX 2.9\tex\latex\wrapfig\wrapfig.sty"
\wrapoverhang=\dimen157
\WF@size=\dimen158
\c@WF@wrappedlines=\count135
\WF@box=\box32
\WF@everypar=\toks25
Package: wrapfig 2003/01/31  v 3.6
)
("C:\Program Files\MiKTeX 2.9\tex\latex\ulem\ulem.sty"
\UL@box=\box33
\UL@hyphenbox=\box34
\UL@skip=\skip95
\UL@hook=\toks26
\UL@height=\dimen159
\UL@pe=\count136
\UL@pixel=\dimen160
\ULC@box=\box35
Package: ulem 2012/05/18
\ULdepth=\dimen161
)
("C:\Program Files\MiKTeX 2.9\tex\latex\enumitem\enumitem.sty"
Package: enumitem 2011/09/28 v3.5.2 Customized lists
\labelindent=\skip96
\enit@outerparindent=\dimen162
\enit@toks=\toks27
\enit@inbox=\box36
\enitdp@description=\count137
)
("C:\Program Files\MiKTeX 2.9\tex\latex\leftidx\leftidx.sty"
Package: leftidx 2003/09/24 v1.03 Left indices
)
("C:\Program Files\MiKTeX 2.9\tex\latex\appendix\appendix.sty"
Package: appendix 2009/09/02 v1.2b extra appendix facilities
\c@@pps=\count138
\c@@ppsavesec=\count139
\c@@ppsaveapp=\count140
)
("C:\Program Files\MiKTeX 2.9\tex\latex\graphics\lscape.sty"
Package: lscape 2000/10/22 v3.01 Landscape Pages (DPC)
)
(Thesis_Driver.aux (committee.aux) (abstract.aux) (summary.aux) (preface.aux)
(ack.aux) (Chap1_Intro.aux) (Chap2_Forward.aux

LaTeX Warning: Label `Tmatrix' multiply defined.

) (Chap3_Inverse.aux

LaTeX Warning: Label `etaScale' multiply defined.


LaTeX Warning: Label `gammaScale' multiply defined.

) (Chap4_MVIS.aux

LaTeX Warning: Label `toyProblem' multiply defined.


LaTeX Warning: Label `toyPolar' multiply defined.

) (Chap5_RotatedGradients.aux) (Chap6_Learning.aux) (Chap7_Kevitsa.aux)
(Chap8_Conclusion.aux) (appendix.aux))
\openout1 = `Thesis_Driver.aux'.

LaTeX Font Info:    Checking defaults for OML/cmm/m/it on input line 367.
LaTeX Font Info:    ... okay on input line 367.
LaTeX Font Info:    Checking defaults for T1/cmr/m/n on input line 367.
LaTeX Font Info:    ... okay on input line 367.
LaTeX Font Info:    Checking defaults for OT1/cmr/m/n on input line 367.
LaTeX Font Info:    ... okay on input line 367.
LaTeX Font Info:    Checking defaults for OMS/cmsy/m/n on input line 367.
LaTeX Font Info:    ... okay on input line 367.
LaTeX Font Info:    Checking defaults for OMX/cmex/m/n on input line 367.
LaTeX Font Info:    ... okay on input line 367.
LaTeX Font Info:    Checking defaults for U/cmr/m/n on input line 367.
LaTeX Font Info:    ... okay on input line 367.
LaTeX Font Info:    Checking defaults for PD1/pdf/m/n on input line 367.
LaTeX Font Info:    ... okay on input line 367.
LaTeX Font Info:    Try loading font information for OT1+ptm on input line 367.


("C:\Program Files\MiKTeX 2.9\tex\latex\psnfss\ot1ptm.fd"
File: ot1ptm.fd 2001/06/04 font definitions for OT1/ptm.
)
("C:\Program Files\MiKTeX 2.9\tex\context\base\supp-pdf.mkii"
[Loading MPS to PDF converter (version 2006.09.02).]
\scratchcounter=\count141
\scratchdimen=\dimen163
\scratchbox=\box37
\nofMPsegments=\count142
\nofMParguments=\count143
\everyMPshowfont=\toks28
\MPscratchCnt=\count144
\MPscratchDim=\dimen164
\MPnumerator=\count145
\makeMPintoPDFobject=\count146
\everyMPtoPDFconversion=\toks29
) ("C:\Program Files\MiKTeX 2.9\tex\latex\oberdiek\epstopdf-base.sty"
Package: epstopdf-base 2016/05/15 v2.6 Base part for package epstopdf

("C:\Program Files\MiKTeX 2.9\tex\latex\oberdiek\grfext.sty"
Package: grfext 2016/05/16 v1.2 Manage graphics extensions (HO)
)
Package epstopdf-base Info: Redefining graphics rule for `.eps' on input line 4
38.
Package grfext Info: Graphics extension search list:
(grfext)             [.png,.pdf,.jpg,.mps,.jpeg,.jbig2,.jb2,.PNG,.PDF,.JPG,.JPE
G,.JBIG2,.JB2,.eps]
(grfext)             \AppendGraphicsExtensions on input line 456.
)
\c@lstlisting=\count147
Package caption Info: Begin \AtBeginDocument code.
Package caption Info: hyperref package is loaded.
Package caption Info: wrapfig package is loaded.
Package caption Info: End \AtBeginDocument code.
\AtBeginShipoutBox=\box38
Package backref Info: ** backref set up for natbib ** on input line 367.
Package hyperref Info: Link coloring OFF on input line 367.

("C:\Program Files\MiKTeX 2.9\tex\latex\hyperref\nameref.sty"
Package: nameref 2016/05/21 v2.44 Cross-referencing by name of section

("C:\Program Files\MiKTeX 2.9\tex\generic\oberdiek\gettitlestring.sty"
Package: gettitlestring 2016/05/16 v1.5 Cleanup title references (HO)
)
\c@section@level=\count148
)
LaTeX Info: Redefining \ref on input line 367.
LaTeX Info: Redefining \pageref on input line 367.
LaTeX Info: Redefining \nameref on input line 367.

(Thesis_Driver.out) (Thesis_Driver.out)
\@outlinefile=\write5
\openout5 = `Thesis_Driver.out'.

LaTeX Font Info:    Font shape `OT1/ptm/bx/n' in size <14.4> not available
(Font)              Font shape `OT1/ptm/b/n' tried instead on input line 376.
LaTeX Font Info:    Try loading font information for OT1+ztmcm on input line 37
6.

("C:\Program Files\MiKTeX 2.9\tex\latex\psnfss\ot1ztmcm.fd"
File: ot1ztmcm.fd 2000/01/03 Fontinst v1.801 font definitions for OT1/ztmcm.
)
LaTeX Font Info:    Try loading font information for OML+ztmcm on input line 37
6.

("C:\Program Files\MiKTeX 2.9\tex\latex\psnfss\omlztmcm.fd"
File: omlztmcm.fd 2000/01/03 Fontinst v1.801 font definitions for OML/ztmcm.
)
LaTeX Font Info:    Try loading font information for OMS+ztmcm on input line 37
6.

("C:\Program Files\MiKTeX 2.9\tex\latex\psnfss\omsztmcm.fd"
File: omsztmcm.fd 2000/01/03 Fontinst v1.801 font definitions for OMS/ztmcm.
)
LaTeX Font Info:    Try loading font information for OMX+ztmcm on input line 37
6.

("C:\Program Files\MiKTeX 2.9\tex\latex\psnfss\omxztmcm.fd"
File: omxztmcm.fd 2000/01/03 Fontinst v1.801 font definitions for OMX/ztmcm.
)
LaTeX Font Info:    Font shape `OT1/ptm/bx/n' in size <10.95> not available
(Font)              Font shape `OT1/ptm/b/n' tried instead on input line 376.
LaTeX Font Info:    Font shape `OT1/ptm/bx/n' in size <8> not available
(Font)              Font shape `OT1/ptm/b/n' tried instead on input line 376.
LaTeX Font Info:    Font shape `OT1/ptm/bx/n' in size <12> not available
(Font)              Font shape `OT1/ptm/b/n' tried instead on input line 376.
LaTeX Font Info:    Try loading font information for OMS+ptm on input line 376.


("C:\Program Files\MiKTeX 2.9\tex\latex\psnfss\omsptm.fd"
File: omsptm.fd 
)
LaTeX Font Info:    Font shape `OMS/ptm/m/n' in size <12> not available
(Font)              Font shape `OMS/cmsy/m/n' tried instead on input line 376.
 [1



{C:/ProgramData/MiKTeX/2.9/pdftex/config/pdftex.map}]
\openout2 = `committee.aux'.

 (committee.tex
Underfull \hbox (badness 10000) in paragraph at lines 4--7

 []

LaTeX Font Info:    Font shape `OT1/ptm/bx/n' in size <6> not available
(Font)              Font shape `OT1/ptm/b/n' tried instead on input line 8.

Overfull \hbox (1.34999pt too wide) in paragraph at lines 8--9
$[]$ 
 []


Overfull \hbox (13.39542pt too wide) in paragraph at lines 16--17
[] $[]$ 
 []


Overfull \hbox (13.39542pt too wide) in paragraph at lines 20--21
[] $[]$ 
 []


Overfull \hbox (1.34999pt too wide) in paragraph at lines 26--27
$[]$ 
 []


Overfull \hbox (1.34999pt too wide) in paragraph at lines 32--33
$[]$ 
 []


Overfull \hbox (1.34999pt too wide) in paragraph at lines 38--39
$[]$ 
 []


Overfull \hbox (1.34999pt too wide) in paragraph at lines 44--45
$[]$ 
 []


Overfull \hbox (1.34999pt too wide) in paragraph at lines 52--53
$[]$ 
 []

) [2

]
\openout2 = `abstract.aux'.

 (abstract.tex
LaTeX Font Info:    Font shape `OT1/ptm/bx/n' in size <24.88> not available
(Font)              Font shape `OT1/ptm/b/n' tried instead on input line 4.
 [3




]) [4]
\openout2 = `summary.aux'.

 (summary.tex) [5




]
\openout2 = `preface.aux'.

 (preface.tex
LaTeX Font Info:    Try loading font information for OT1+pcr on input line 16.

("C:\Program Files\MiKTeX 2.9\tex\latex\psnfss\ot1pcr.fd"
File: ot1pcr.fd 2001/06/04 font definitions for OT1/pcr.
))
Overfull \hbox (1.22115pt too wide) in paragraph at lines 16--390
[]\OT1/ptm/m/n/10.95 All pro-gram-ming work done in this the-sis builds upon th
e open-source \OT1/pcr/m/n/10.95 SimPEG
 []

[6




] [7] (Thesis_Driver.toc [8



] [9])
\tf@toc=\write6
\openout6 = `Thesis_Driver.toc'.

 [10] (Thesis_Driver.lot
Overfull \hbox (0.92012pt too wide) in paragraph at lines 7--7
 [][] []\OT1/ptm/m/n/10.95 Summary ta-ble for the for-ward mod-el-ing of a mag-
ne-tized sphere 
 []

)
\tf@lot=\write7
\openout7 = `Thesis_Driver.lot'.

 [11


] (Thesis_Driver.lof
Overfull \hbox (0.77225pt too wide) in paragraph at lines 6--6
 [][] []\OT1/ptm/m/n/10.95 Cartoon il-lus-trat-ing the (left) grav-ity and (rig
ht) mag-netic fields 
 []


Overfull \hbox (8.47195pt too wide) in paragraph at lines 7--7
 \OT1/ptm/m/n/10.95 gen-er-ated with the open-sourced \OT1/pcr/m/n/10.95 geosci
.GeoToolkit \OT1/ptm/m/n/10.95 pack- 
 []

[12


]
Overfull \hbox (11.74614pt too wide) in paragraph at lines 13--13
 \OT1/pcr/m/n/10.95 surface \OT1/ptm/m/n/10.95 re-fine-ment strat-egy from the 
\OT1/pcr/m/n/10.95 SimPEG.discretize 
 []


Overfull \hbox (4.76993pt too wide) in paragraph at lines 16--16
 [][] []\OT1/ptm/m/n/10.95 Example of mesh de-cou-pling of the for-ward prob-le
m into nested 
 []


Overfull \hbox (2.67844pt too wide) in paragraph at lines 17--17
 [][] []\OT1/ptm/m/n/10.95 Trade-off curves be-tween the size of the for-ward p
rob-lem (blue) 
 []

[13]
Overfull \hbox (20.63461pt too wide) in paragraph at lines 25--25
 \OT1/ptm/m/n/10.95 alone and (c) with the com-bined penalty func-tions ($\OML/
ztmcm/m/it/10.95 [] \OT1/ztmcm/m/n/10.95 = 2500\OML/ztmcm/m/it/10.95 ;  [] \O
T1/ztmcm/m/n/10.95 = 
 []

[14]
Overfull \hbox (11.69162pt too wide) in paragraph at lines 26--26
 [][] []\OT1/ptm/m/n/10.95 (a) So-lu-tion ob-tained with the com-bined penalty 
func-tions $\OML/ztmcm/m/it/10.95 [][] \OT1/ztmcm/m/n/10.95 + 
 []


Overfull \hbox (2.16125pt too wide) in paragraph at lines 27--27
 \OT1/ptm/m/n/10.95 bined penalty func-tions us-ing the IRLS al-go-rithm ($\OML
/ztmcm/m/it/10.95 [] \OT1/ztmcm/m/n/10.95 = 1\OML/ztmcm/m/it/10.95 ;  [] \OT1
/ztmcm/m/n/10.95 = 
 []


Overfull \hbox (4.05272pt too wide) in paragraph at lines 28--28
 \OT1/ptm/m/n/10.95 con-ven-tional IRLS method for $\OML/ztmcm/m/it/10.95 p[] \
OT1/ztmcm/m/n/10.95 = 0\OML/ztmcm/m/it/10.95 ;  p[] \OT1/ztmcm/m/n/10.95 = 2$ \
OT1/ptm/m/n/10.95 and a fixed thresh- 
 []


Overfull \hbox (1.56186pt too wide) in paragraph at lines 29--29
 [][] []\OT1/ptm/m/n/10.95 Derivatives of the Law-son ap-prox-i-ma-tion over a 
range of model 
 []

[15] [16] [17]
Overfull \hbox (1.13434pt too wide) in paragraph at lines 45--45
 \OT1/ptm/m/n/10.95 sian and po-lar co-or-di-nate sys-tems. (a) The non-weighte
d (gray) 
 []

[18] [19] [20] [21]
Overfull \hbox (4.3065pt too wide) in paragraph at lines 80--80
 [][] []\OT1/ptm/m/n/10.95 Horizontal sec-tions at $\OMS/ztmcm/m/n/10.95  \OT1
/ztmcm/m/n/10.95 200$ \OT1/ptm/m/n/10.95 m depth be-low to-pog-ra-phy through 
 []

[22]
Overfull \hbox (4.52809pt too wide) in paragraph at lines 84--84
 \OT1/ptm/m/n/10.95 sus-cep-ti-bil-ity model that ig-nores the ef-fect of re-ma
-nence. Litho- 
 []

)
\tf@lof=\write8
\openout8 = `Thesis_Driver.lof'.

 [23]
\openout2 = `ack.aux'.

 (ack.tex) [24



]
\openout2 = `Chap1_Intro.aux'.

 (Chap1_Intro.tex
Chapter 1.
LaTeX Font Info:    Font shape `OT1/ptm/bx/n' in size <20.74> not available
(Font)              Font shape `OT1/ptm/b/n' tried instead on input line 4.
[1




]
Missing character: There is no â in font zptmcm7t!
Missing character: There is no ˆ in font zptmcm7t!
Missing character: There is no ’ in font zptmcm7t!
 <./../../Figures/PotentialFields.png, id=690, 712.6625pt x 375.4025pt>
File: ./../../Figures/PotentialFields.png Graphic file (type png)

<use ./../../Figures/PotentialFields.png>
Package pdftex.def Info: ./../../Figures/PotentialFields.png used on input line
 27.
(pdftex.def)             Requested size: 360.0pt x 189.63118pt.
 [2 <./../../Figures/PotentialFields.png>] <./../../Figures/EMAG2_Europe.png, i
d=712, 1143.52219pt x 686.565pt>
File: ./../../Figures/EMAG2_Europe.png Graphic file (type png)

<use ./../../Figures/EMAG2_Europe.png>
Package pdftex.def Info: ./../../Figures/EMAG2_Europe.png used on input line 53
.
(pdftex.def)             Requested size: 360.0pt x 216.1434pt.


LaTeX Warning: `!h' float specifier changed to `!ht'.

[3] <./../../Figures/Kevitsa_Data.png, id=758, 767.7483pt x 504.9264pt>
File: ./../../Figures/Kevitsa_Data.png Graphic file (type png)

<use ./../../Figures/Kevitsa_Data.png>
Package pdftex.def Info: ./../../Figures/Kevitsa_Data.png used on input line 68
.
(pdftex.def)             Requested size: 360.0pt x 236.76842pt.
 [4 <./../../Figures/EMAG2_Europe.png>]
<./../../Figures/GeologyVsGeophysics.png, id=775, 893.3375pt x 705.63625pt>
File: ./../../Figures/GeologyVsGeophysics.png Graphic file (type png)

<use ./../../Figures/GeologyVsGeophysics.png>
Package pdftex.def Info: ./../../Figures/GeologyVsGeophysics.png used on input 
line 77.
(pdftex.def)             Requested size: 360.0pt x 284.35985pt.
 [5 <./../../Figures/Kevitsa_Data.png>] [6 <./../../Figures/GeologyVsGeophysics
.png>] [7] [8] [9] [10]
LaTeX Font Info:    Font shape `OMS/ptm/m/n' in size <10.95> not available
(Font)              Font shape `OMS/cmsy/m/n' tried instead on input line 125.
 [11])
[12]
\openout2 = `Chap2_Forward.aux'.

 (Chap2_Forward.tex
Chapter 2.
[13



] <./../../Figures/PF_UnitCube.png, id=1013, 290.2845pt x 264.99pt>
File: ./../../Figures/PF_UnitCube.png Graphic file (type png)

<use ./../../Figures/PF_UnitCube.png>
Package pdftex.def Info: ./../../Figures/PF_UnitCube.png used on input line 27.

(pdftex.def)             Requested size: 198.0011pt x 180.7488pt.
 [14 <./../../Figures/PF_UnitCube.png>]
[15] [16] <./../../Figures/MeshType.png, id=1048, 411.4572pt x 224.5188pt>
File: ./../../Figures/MeshType.png Graphic file (type png)

<use ./../../Figures/MeshType.png>
Package pdftex.def Info: ./../../Figures/MeshType.png used on input line 99.
(pdftex.def)             Requested size: 360.0pt x 196.4466pt.
 [17 <./../../Figures/MeshType.png>]
<./../../Figures/Refinements.png, id=1058, 734.745pt x 288.5982pt>
File: ./../../Figures/Refinements.png Graphic file (type png)

<use ./../../Figures/Refinements.png>
Package pdftex.def Info: ./../../Figures/Refinements.png used on input line 116
.
(pdftex.def)             Requested size: 360.0pt x 141.40553pt.


LaTeX Warning: `!h' float specifier changed to `!ht'.

[18] <./../../Figures/Discretization.png, id=1068, 627.5445pt x 617.9085pt>
File: ./../../Figures/Discretization.png Graphic file (type png)

<use ./../../Figures/Discretization.png>
Package pdftex.def Info: ./../../Figures/Discretization.png used on input line 
136.
(pdftex.def)             Requested size: 360.0pt x 354.47433pt.


LaTeX Warning: `!h' float specifier changed to `!ht'.

[19 <./../../Figures/Refinements.png>] [20 <./../../Figures/Discretization.png>
] [21] [22]
<./../../Figures/Tiled_Test_model.png, id=1123, 703.1871pt x 630.9171pt>
File: ./../../Figures/Tiled_Test_model.png Graphic file (type png)

<use ./../../Figures/Tiled_Test_model.png>
Package pdftex.def Info: ./../../Figures/Tiled_Test_model.png used on input lin
e 177.
(pdftex.def)             Requested size: 360.0pt x 323.00534pt.


LaTeX Warning: `!h' float specifier changed to `!ht'.

<./../../Figures/Tiled_Dask.png, id=1125, 1055.8647pt x 516.4896pt>
File: ./../../Figures/Tiled_Dask.png Graphic file (type png)

<use ./../../Figures/Tiled_Dask.png>
Package pdftex.def Info: ./../../Figures/Tiled_Dask.png used on input line 186.

(pdftex.def)             Requested size: 360.0pt x 176.10063pt.


LaTeX Warning: `!h' float specifier changed to `!ht'.

<./../../Figures/Tiled_Test_Size.png, id=1127, 511.6716pt x 266.9172pt>
File: ./../../Figures/Tiled_Test_Size.png Graphic file (type png)

<use ./../../Figures/Tiled_Test_Size.png>
Package pdftex.def Info: ./../../Figures/Tiled_Test_Size.png used on input line
 194.
(pdftex.def)             Requested size: 360.0pt x 187.79788pt.


LaTeX Warning: `!h' float specifier changed to `!ht'.

<./../../Figures/Forward_Tiles.png, id=1129, 734.745pt x 335.3328pt>
File: ./../../Figures/Forward_Tiles.png Graphic file (type png)

<use ./../../Figures/Forward_Tiles.png>
Package pdftex.def Info: ./../../Figures/Forward_Tiles.png used on input line 2
03.
(pdftex.def)             Requested size: 360.0pt x 164.30426pt.
 [23]

LaTeX Warning: `!h' float specifier changed to `!ht'.

) [24 <./../../Figures/Tiled_Test_model.png>] [25 <./../../Figures/Tiled_Dask.p
ng>] [26 <./../../Figures/Tiled_Test_Size.png> <./../../Figures/Forward_Tiles.p
ng>]
\openout2 = `Chap3_Inverse.aux'.

 (Chap3_Inverse.tex
Chapter 3.
[27



] [28] [29] [30]

Package hyperref Warning: Difference (2) between bookmark levels is greater 
(hyperref)                than one, level fixed on input line 101.


<./../../Figures/GRAV_Synthetic_True_data_model.png, id=1221, 559.3698pt x 642.
4803pt>
File: ./../../Figures/GRAV_Synthetic_True_data_model.png Graphic file (type png
)
 <use ./../../Figures/GRAV_Synthetic_True_data_model.png>
Package pdftex.def Info: ./../../Figures/GRAV_Synthetic_True_data_model.png use
d on input line 107.
(pdftex.def)             Requested size: 360.0pt x 413.4996pt.


LaTeX Warning: `!h' float specifier changed to `!ht'.

<./../../Figures/Grav_Inv_l2model.png, id=1224, 559.3698pt x 642.4803pt>
File: ./../../Figures/Grav_Inv_l2model.png Graphic file (type png)

<use ./../../Figures/Grav_Inv_l2model.png>
Package pdftex.def Info: ./../../Figures/Grav_Inv_l2model.png used on input lin
e 123.
(pdftex.def)             Requested size: 360.0pt x 413.4996pt.


Package hyperref Warning: Token not allowed in a PDF string (PDFDocEncoding):
(hyperref)                removing `math shift' on input line 129.


Package hyperref Warning: Token not allowed in a PDF string (PDFDocEncoding):
(hyperref)                removing `\ell' on input line 129.


Package hyperref Warning: Token not allowed in a PDF string (PDFDocEncoding):
(hyperref)                removing `subscript' on input line 129.


Package hyperref Warning: Token not allowed in a PDF string (PDFDocEncoding):
(hyperref)                removing `math shift' on input line 129.

[31] [32 <./../../Figures/GRAV_Synthetic_True_data_model.png>] [33 <./../../Fig
ures/Grav_Inv_l2model.png>]
<./../../Figures/NormIRLS.png, id=1267, 404.35065pt x 377.9721pt>
File: ./../../Figures/NormIRLS.png Graphic file (type png)

<use ./../../Figures/NormIRLS.png>
Package pdftex.def Info: ./../../Figures/NormIRLS.png used on input line 152.
(pdftex.def)             Requested size: 360.0pt x 336.51523pt.
 [34] [35 <./../../Figures/NormIRLS.png>]
<./../../Figures/Problem1D_KernelModel.png, id=1294, 880.28876pt x 336.25626pt>
File: ./../../Figures/Problem1D_KernelModel.png Graphic file (type png)
<use ./../../Figures/Problem1D_KernelModel.png>
Package pdftex.def Info: ./../../Figures/Problem1D_KernelModel.png used on inpu
t line 168.
(pdftex.def)             Requested size: 360.0pt x 137.51192pt.

<./../../Figures/Problem1D_l2l2.png, id=1297, 843.15pt x 723.70375pt>
File: ./../../Figures/Problem1D_l2l2.png Graphic file (type png)

<use ./../../Figures/Problem1D_l2l2.png>
Package pdftex.def Info: ./../../Figures/Problem1D_l2l2.png used on input line 
183.
(pdftex.def)             Requested size: 360.0pt x 309.00006pt.
 [36 <./../../Figures/Problem1D_KernelModel.png>] [37 <./../../Figures/Problem1
D_l2l2.png>] [38] [39] [40] [41]
LaTeX Font Info:    Font shape `OT1/ptm/bx/n' in size <9> not available
(Font)              Font shape `OT1/ptm/b/n' tried instead on input line 336.
LaTeX Font Info:    Font shape `OT1/ptm/bx/n' in size <7> not available
(Font)              Font shape `OT1/ptm/b/n' tried instead on input line 336.


Package hyperref Warning: Token not allowed in a PDF string (PDFDocEncoding):
(hyperref)                removing `math shift' on input line 336.


Package hyperref Warning: Token not allowed in a PDF string (PDFDocEncoding):
(hyperref)                removing `\ell' on input line 336.


Package hyperref Warning: Token not allowed in a PDF string (PDFDocEncoding):
(hyperref)                removing `subscript' on input line 336.


Package hyperref Warning: Token not allowed in a PDF string (PDFDocEncoding):
(hyperref)                removing `math shift' on input line 336.


Package hyperref Warning: Token not allowed in a PDF string (PDFDocEncoding):
(hyperref)                removing `math shift' on input line 336.


Package hyperref Warning: Token not allowed in a PDF string (PDFDocEncoding):
(hyperref)                removing `subscript' on input line 336.


Package hyperref Warning: Token not allowed in a PDF string (PDFDocEncoding):
(hyperref)                removing `subscript' on input line 336.


Package hyperref Warning: Token not allowed in a PDF string (PDFDocEncoding):
(hyperref)                removing `math shift' on input line 336.

<./../../Figures/Problem1D_Results_l1.png, id=1386, 843.15pt x 723.70375pt>
File: ./../../Figures/Problem1D_Results_l1.png Graphic file (type png)

<use ./../../Figures/Problem1D_Results_l1.png>
Package pdftex.def Info: ./../../Figures/Problem1D_Results_l1.png used on input
 line 342.
(pdftex.def)             Requested size: 360.0pt x 309.00006pt.

Overfull \hbox (8.03818pt too wide) in paragraph at lines 340--347
\OT1/ptm/m/n/10.95 Sim-plex rou-tine from the open-source li-brary \OT1/pcr/m/n
/10.95 Scipy.Optimization.linprog
 []

[42] [43] [44 <./../../Figures/Problem1D_Results_l1.png>]
<./../../Figures/Problem1D_l1l1.png, id=1413, 843.15pt x 342.27875pt>
File: ./../../Figures/Problem1D_l1l1.png Graphic file (type png)

<use ./../../Figures/Problem1D_l1l1.png>
Package pdftex.def Info: ./../../Figures/Problem1D_l1l1.png used on input line 
387.
(pdftex.def)             Requested size: 360.0pt x 146.14288pt.
 [45]

Package hyperref Warning: Token not allowed in a PDF string (PDFDocEncoding):
(hyperref)                removing `math shift' on input line 394.


Package hyperref Warning: Token not allowed in a PDF string (PDFDocEncoding):
(hyperref)                removing `\ell' on input line 394.


Package hyperref Warning: Token not allowed in a PDF string (PDFDocEncoding):
(hyperref)                removing `subscript' on input line 394.


Package hyperref Warning: Token not allowed in a PDF string (PDFDocEncoding):
(hyperref)                removing `math shift' on input line 394.


Package hyperref Warning: Token not allowed in a PDF string (PDFDocEncoding):
(hyperref)                removing `math shift' on input line 394.


Package hyperref Warning: Token not allowed in a PDF string (PDFDocEncoding):
(hyperref)                removing `subscript' on input line 394.


Package hyperref Warning: Token not allowed in a PDF string (PDFDocEncoding):
(hyperref)                removing `subscript' on input line 394.


Package hyperref Warning: Token not allowed in a PDF string (PDFDocEncoding):
(hyperref)                removing `math shift' on input line 394.


<./../../Figures/Problem1D_Results_l0.png, id=1440, 735.74875pt x 259.97125pt>
File: ./../../Figures/Problem1D_Results_l0.png Graphic file (type png)

<use ./../../Figures/Problem1D_Results_l0.png>
Package pdftex.def Info: ./../../Figures/Problem1D_Results_l0.png used on input
 line 400.
(pdftex.def)             Requested size: 360.0pt x 127.20454pt.
 [46 <./../../Figures/Problem1D_l1l1.png>] [47 <./../../Figures/Problem1D_Resul
ts_l0.png>]
<./../../Figures/Problem1D_l0l2_NotCooled_noEta.png, id=1464, 844.15375pt x 345
.29pt>
File: ./../../Figures/Problem1D_l0l2_NotCooled_noEta.png Graphic file (type png
)
 <use ./../../Figures/Problem1D_l0l2_NotCooled_noEta.png>
Package pdftex.def Info: ./../../Figures/Problem1D_l0l2_NotCooled_noEta.png use
d on input line 425.
(pdftex.def)             Requested size: 360.0pt x 147.25473pt.
 [48] [49 <./../../Figures/Problem1D_l0l2_NotCooled_noEta.png>]
<./../../Figures/NormDeriv.png, id=1492, 798.3426pt x 392.9079pt>
File: ./../../Figures/NormDeriv.png Graphic file (type png)

<use ./../../Figures/NormDeriv.png>
Package pdftex.def Info: ./../../Figures/NormDeriv.png used on input line 471.
(pdftex.def)             Requested size: 360.0pt x 177.17862pt.
 [50 <./../../Figures/NormDeriv.png>]
<./../../Figures/Problem1D_l0l2_NotCooled_Eta.png, id=1505, 844.15375pt x 345.2
9pt>
File: ./../../Figures/Problem1D_l0l2_NotCooled_Eta.png Graphic file (type png)
 <use ./../../Figures/Problem1D_l0l2_NotCooled_Eta.png>
Package pdftex.def Info: ./../../Figures/Problem1D_l0l2_NotCooled_Eta.png used 
on input line 493.
(pdftex.def)             Requested size: 360.0pt x 147.25473pt.
 [51]
Overfull \hbox (0.21474pt too wide) in paragraph at lines 515--518
\OT1/ptm/m/n/10.95 measures the model deriva-tives over nor-mal-ized length sca
les $[]$. The IRLS weights
 []

[52 <./../../Figures/Problem1D_l0l2_NotCooled_Eta.png>] [53]
<./../../Figures/Problem1D_Results_l1_NormalizingTest.png, id=1548, 735.74875pt
 x 253.94875pt>
File: ./../../Figures/Problem1D_Results_l1_NormalizingTest.png Graphic file (ty
pe png)
 <use ./../../Figures/Problem1D_Results_l1_NormalizingTest.png>
Package pdftex.def Info: ./../../Figures/Problem1D_Results_l1_NormalizingTest.p
ng used on input line 571.
(pdftex.def)             Requested size: 360.0pt x 124.25772pt.

[54]

Package hyperref Warning: Token not allowed in a PDF string (PDFDocEncoding):
(hyperref)                removing `math shift' on input line 588.


Package hyperref Warning: Token not allowed in a PDF string (PDFDocEncoding):
(hyperref)                removing `\epsilon' on input line 588.


Package hyperref Warning: Token not allowed in a PDF string (PDFDocEncoding):
(hyperref)                removing `math shift' on input line 588.

[55 <./../../Figures/Problem1D_Results_l1_NormalizingTest.png>]
Overfull \hbox (1.43925pt too wide) in paragraph at lines 596--598
[]\OT1/ptm/m/n/10.95 Selecting an ap-pro-pri-ate thresh-old value be-comes more
 com-pli-cated when com-
 []


<./../../Figures/Problem1D_Results_NotCooledEps.png, id=1583, 733.74126pt x 492
.84125pt>
File: ./../../Figures/Problem1D_Results_NotCooledEps.png Graphic file (type png
)
 <use ./../../Figures/Problem1D_Results_NotCooledEps.png>
Package pdftex.def Info: ./../../Figures/Problem1D_Results_NotCooledEps.png use
d on input line 603.
(pdftex.def)             Requested size: 360.0pt x 241.81017pt.
 [56]
<./../../Figures/Problem1D_l0l2_Cooled_Eta_Iterates.png, id=1599, 729.927pt x 5
04.80595pt>
File: ./../../Figures/Problem1D_l0l2_Cooled_Eta_Iterates.png Graphic file (type
 png)
 <use ./../../Figures/Problem1D_l0l2_Cooled_Eta_Iterates.png>
Package pdftex.def Info: ./../../Figures/Problem1D_l0l2_Cooled_Eta_Iterates.png
 used on input line 627.
(pdftex.def)             Requested size: 360.0pt x 248.97464pt.

<./../../Figures/Problem1D_CooledEta_dphi.png, id=1600, 799.98875pt x 402.50375
pt>
File: ./../../Figures/Problem1D_CooledEta_dphi.png Graphic file (type png)
 <use ./../../Figures/Problem1D_CooledEta_dphi.png>
Package pdftex.def Info: ./../../Figures/Problem1D_CooledEta_dphi.png used on i
nput line 633.
(pdftex.def)             Requested size: 360.0pt x 181.13115pt.
 [57 <./../../Figures/Problem1D_Results_NotCooledEps.png>]
<./../../Figures/Problem1D_ps0px2Cooled_eta.png, id=1608, 731.73375pt x 505.89p
t>
File: ./../../Figures/Problem1D_ps0px2Cooled_eta.png Graphic file (type png)
 <use ./../../Figures/Problem1D_ps0px2Cooled_eta.png>
Package pdftex.def Info: ./../../Figures/Problem1D_ps0px2Cooled_eta.png used on
 input line 645.
(pdftex.def)             Requested size: 360.0pt x 248.89175pt.
 [58 <./../../Figures/Problem1D_l0l2_Cooled_Eta_Iterates.png>] [59 <./../../Fig
ures/Problem1D_CooledEta_dphi.png> <./../../Figures/Problem1D_ps0px2Cooled_eta.
png>] [60] [61]
<./../../Figures/Grav_Inv_modelSpace.png, id=1640, 748.9581pt x 594.3003pt>
File: ./../../Figures/Grav_Inv_modelSpace.png Graphic file (type png)

<use ./../../Figures/Grav_Inv_modelSpace.png>
Package pdftex.def Info: ./../../Figures/Grav_Inv_modelSpace.png used on input 
line 705.
(pdftex.def)             Requested size: 360.0pt x 285.6599pt.

<./../../Figures/Grav_Inv_modelSpaceContour.png, id=1644, 514.8033pt x 315.579p
t>
File: ./../../Figures/Grav_Inv_modelSpaceContour.png Graphic file (type png)
 <use ./../../Figures/Grav_Inv_modelSpaceContour.png>
Package pdftex.def Info: ./../../Figures/Grav_Inv_modelSpaceContour.png used on
 input line 714.
(pdftex.def)             Requested size: 360.0pt x 220.69191pt.
 [62]
<./../../Figures/Grav_Inv_modelSpace_dpred.png, id=1654, 733.7814pt x 756.9078p
t>
File: ./../../Figures/Grav_Inv_modelSpace_dpred.png Graphic file (type png)
 <use ./../../Figures/Grav_Inv_modelSpace_dpred.png>
Package pdftex.def Info: ./../../Figures/Grav_Inv_modelSpace_dpred.png used on 
input line 723.
(pdftex.def)             Requested size: 360.0pt x 371.35005pt.
) [63 <./../../Figures/Grav_Inv_modelSpace.png>] [64 <./../../Figures/Grav_Inv_
modelSpaceContour.png>]
[65 <./../../Figures/Grav_Inv_modelSpace_dpred.png>]
\openout2 = `Chap4_MVIS.aux'.

 (Chap4_MVIS.tex
Chapter 4.
Missing character: There is no â in font ptmr7t!
Missing character: There is no € in font ptmr7t!
Missing character: There is no ™ in font ptmr7t!
[66



]
<./../../Figures/MAG_Synthetic_True_data_model.png, id=1684, 561.7788pt x 642.4
803pt>
File: ./../../Figures/MAG_Synthetic_True_data_model.png Graphic file (type png)

 <use ./../../Figures/MAG_Synthetic_True_data_model.png>
Package pdftex.def Info: ./../../Figures/MAG_Synthetic_True_data_model.png used
 on input line 29.
(pdftex.def)             Requested size: 360.0pt x 411.73499pt.


LaTeX Warning: `!h' float specifier changed to `!ht'.


<./../../Figures/MAG_Sus_model_WrongAssumption.png, id=1694, 733.0587pt x 582.9
78pt>
File: ./../../Figures/MAG_Sus_model_WrongAssumption.png Graphic file (type png)

 <use ./../../Figures/MAG_Sus_model_WrongAssumption.png>
Package pdftex.def Info: ./../../Figures/MAG_Sus_model_WrongAssumption.png used
 on input line 45.
(pdftex.def)             Requested size: 360.0pt x 286.3022pt.
 [67] [68 <./../../Figures/MAG_Synthetic_True_data_model.png>] [69 <./../../Fig
ures/MAG_Sus_model_WrongAssumption.png>]
Overfull \hbox (0.53598pt too wide) in paragraph at lines 58--61
\OT1/ptm/m/n/10.95 Rather than as-sum-ing a purely sus-cep-ti-ble re-sponse, []
[]Lelievre and Old-en-burg[] ([]2009[])
 []

[70] <./../../Figures/MVI_C_model.png, id=1740, 733.0587pt x 582.978pt>
File: ./../../Figures/MVI_C_model.png Graphic file (type png)

<use ./../../Figures/MVI_C_model.png>
Package pdftex.def Info: ./../../Figures/MVI_C_model.png used on input line 92.

(pdftex.def)             Requested size: 360.0pt x 286.3022pt.


LaTeX Warning: `!h' float specifier changed to `!ht'.

[71] [72 <./../../Figures/MVI_C_model.png>]
<./../../Figures/Trig_Circle.png, id=1758, 603.75563pt x 484.81125pt>
File: ./../../Figures/Trig_Circle.png Graphic file (type png)

<use ./../../Figures/Trig_Circle.png>
Package pdftex.def Info: ./../../Figures/Trig_Circle.png used on input line 150
.
(pdftex.def)             Requested size: 180.0pt x 144.53458pt.
 [73]
<./../../Figures/MVI_S_model_BADStart.png, id=1774, 733.0587pt x 581.0508pt>
File: ./../../Figures/MVI_S_model_BADStart.png Graphic file (type png)

<use ./../../Figures/MVI_S_model_BADStart.png>
Package pdftex.def Info: ./../../Figures/MVI_S_model_BADStart.png used on input
 line 158.
(pdftex.def)             Requested size: 360.0pt x 285.35574pt.
 [74 <./../../Figures/Trig_Circle.png>] [75 <./../../Figures/MVI_S_model_BADSta
rt.png>]
<./../../Figures/NonLinear_2param.png, id=1790, 643.203pt x 396.0396pt>
File: ./../../Figures/NonLinear_2param.png Graphic file (type png)

<use ./../../Figures/NonLinear_2param.png>
Package pdftex.def Info: ./../../Figures/NonLinear_2param.png used on input lin
e 194.
(pdftex.def)             Requested size: 360.0pt x 221.66583pt.
 [76] [77 <./../../Figures/NonLinear_2param.png>] [78] [79] [80]
<./../../Figures/MVI_S_model_BADStart_Scaled.png, id=1849, 733.0587pt x 330.514
8pt>
File: ./../../Figures/MVI_S_model_BADStart_Scaled.png Graphic file (type png)
 <use ./../../Figures/MVI_S_model_BADStart_Scaled.png>
Package pdftex.def Info: ./../../Figures/MVI_S_model_BADStart_Scaled.png used o
n input line 336.
(pdftex.def)             Requested size: 360.0pt x 162.31677pt.


LaTeX Warning: `!h' float specifier changed to `!ht'.

<./../../Figures/MVI_S_model.png, id=1854, 733.0587pt x 582.978pt>
File: ./../../Figures/MVI_S_model.png Graphic file (type png)

<use ./../../Figures/MVI_S_model.png>
Package pdftex.def Info: ./../../Figures/MVI_S_model.png used on input line 347
.
(pdftex.def)             Requested size: 360.0pt x 286.3022pt.
 [81]

LaTeX Warning: `!h' float specifier changed to `!ht'.

[82 <./../../Figures/MVI_S_model_BADStart_Scaled.png>]) [83 <./../../Figures/MV
I_S_model.png>]
\openout2 = `Chap5_RotatedGradients.aux'.

 (Chap5_RotatedGradients.tex
Chapter 5.

Package hyperref Warning: Token not allowed in a PDF string (PDFDocEncoding):
(hyperref)                removing `math shift' on input line 4.


Package hyperref Warning: Token not allowed in a PDF string (PDFDocEncoding):
(hyperref)                removing `\ell' on input line 4.


Package hyperref Warning: Token not allowed in a PDF string (PDFDocEncoding):
(hyperref)                removing `subscript' on input line 4.


Package hyperref Warning: Token not allowed in a PDF string (PDFDocEncoding):
(hyperref)                removing `math shift' on input line 4.

LaTeX Font Info:    Font shape `OT1/ptm/bx/n' in size <17.28> not available
(Font)              Font shape `OT1/ptm/b/n' tried instead on input line 4.
[84



]
Overfull \hbox (17.60217pt too wide) in paragraph at lines 53--53
[] 
 []

[85] <./../../Figures/Rotation.png, id=1900, 232.61906pt x 295.85532pt>
File: ./../../Figures/Rotation.png Graphic file (type png)

<use ./../../Figures/Rotation.png>
Package pdftex.def Info: ./../../Figures/Rotation.png used on input line 83.
(pdftex.def)             Requested size: 108.0011pt x 137.35912pt.


LaTeX Warning: `!h' float specifier changed to `!ht'.

[86]
Overfull \hbox (35.32664pt too wide) in paragraph at lines 127--127
[] 
 []

[87 <./../../Figures/Rotation.png>]
<./../../Figures/Grad_Stencils.png, id=1929, 543.53062pt x 523.9575pt>
File: ./../../Figures/Grad_Stencils.png Graphic file (type png)

<use ./../../Figures/Grad_Stencils.png>
Package pdftex.def Info: ./../../Figures/Grad_Stencils.png used on input line 1
60.
(pdftex.def)             Requested size: 360.0pt x 347.05223pt.


LaTeX Warning: `!h' float specifier changed to `!ht'.

[88] [89]
<./../../Figures/Grav_Block_Rotation.png, id=1958, 750.1626pt x 546.3612pt>
File: ./../../Figures/Grav_Block_Rotation.png Graphic file (type png)

<use ./../../Figures/Grav_Block_Rotation.png>
Package pdftex.def Info: ./../../Figures/Grav_Block_Rotation.png used on input 
line 193.
(pdftex.def)             Requested size: 360.0pt x 262.19203pt.
 [90 <./../../Figures/Grad_Stencils.png>] [91 <./../../Figures/Grav_Block_Rotat
ion.png>] [92]
<./../../Figures/Grav_Block_Rotation_Residual.png, id=1983, 738.8403pt x 327.62
4pt>
File: ./../../Figures/Grav_Block_Rotation_Residual.png Graphic file (type png)
 <use ./../../Figures/Grav_Block_Rotation_Residual.png>
Package pdftex.def Info: ./../../Figures/Grav_Block_Rotation_Residual.png used 
on input line 233.
(pdftex.def)             Requested size: 360.0pt x 159.63731pt.
 [93 <./../../Figures/Grav_Block_Rotation_Residual.png>]
<./../../Figures/Synthetic_Fold_Model.png, id=1995, 978.65625pt x 477.785pt>
File: ./../../Figures/Synthetic_Fold_Model.png Graphic file (type png)

<use ./../../Figures/Synthetic_Fold_Model.png>
Package pdftex.def Info: ./../../Figures/Synthetic_Fold_Model.png used on input
 line 248.
(pdftex.def)             Requested size: 360.0pt x 175.75702pt.

<./../../Figures/FoldData.png, id=1996, 776.9025pt x 621.0402pt>
File: ./../../Figures/FoldData.png Graphic file (type png)

<use ./../../Figures/FoldData.png>
Package pdftex.def Info: ./../../Figures/FoldData.png used on input line 253.
(pdftex.def)             Requested size: 360.0pt x 287.7857pt.


LaTeX Warning: `!h' float specifier changed to `!ht'.


LaTeX Warning: `!h' float specifier changed to `!ht'.


Package hyperref Warning: Token not allowed in a PDF string (PDFDocEncoding):
(hyperref)                removing `math shift' on input line 259.


Package hyperref Warning: Token not allowed in a PDF string (PDFDocEncoding):
(hyperref)                removing `\ell' on input line 259.


Package hyperref Warning: Token not allowed in a PDF string (PDFDocEncoding):
(hyperref)                removing `subscript' on input line 259.


Package hyperref Warning: Token not allowed in a PDF string (PDFDocEncoding):
(hyperref)                removing `math shift' on input line 259.

<./../../Figures/GRAV_Synthetic_l2l2.png, id=1999, 978.65625pt x 477.785pt>
File: ./../../Figures/GRAV_Synthetic_l2l2.png Graphic file (type png)

<use ./../../Figures/GRAV_Synthetic_l2l2.png>
Package pdftex.def Info: ./../../Figures/GRAV_Synthetic_l2l2.png used on input 
line 265.
(pdftex.def)             Requested size: 360.0pt x 175.75702pt.


LaTeX Warning: `!h' float specifier changed to `!ht'.

[94]
<./../../Figures/GRAV_Synthetic_l0l2.png, id=2005, 978.65625pt x 477.785pt>
File: ./../../Figures/GRAV_Synthetic_l0l2.png Graphic file (type png)

<use ./../../Figures/GRAV_Synthetic_l0l2.png>
Package pdftex.def Info: ./../../Figures/GRAV_Synthetic_l0l2.png used on input 
line 279.
(pdftex.def)             Requested size: 360.0pt x 175.75702pt.


LaTeX Warning: `!h' float specifier changed to `!ht'.


Package hyperref Warning: Token not allowed in a PDF string (PDFDocEncoding):
(hyperref)                removing `math shift' on input line 283.


Package hyperref Warning: Token not allowed in a PDF string (PDFDocEncoding):
(hyperref)                removing `\ell' on input line 283.


Package hyperref Warning: Token not allowed in a PDF string (PDFDocEncoding):
(hyperref)                removing `subscript' on input line 283.


Package hyperref Warning: Token not allowed in a PDF string (PDFDocEncoding):
(hyperref)                removing `math shift' on input line 283.

[95 <./../../Figures/Synthetic_Fold_Model.png>]
<./../../Figures/InterpolatedDip.png, id=2019, 973.236pt x 476.7411pt>
File: ./../../Figures/InterpolatedDip.png Graphic file (type png)

<use ./../../Figures/InterpolatedDip.png>
Package pdftex.def Info: ./../../Figures/InterpolatedDip.png used on input line
 292.
(pdftex.def)             Requested size: 360.0pt x 176.3478pt.
 [96 <./../../Figures/FoldData.png>]

LaTeX Warning: `!h' float specifier changed to `!ht'.


<./../../Figures/GRAV_Synthetic_ROTl0220.png, id=2027, 978.65625pt x 477.785pt>
File: ./../../Figures/GRAV_Synthetic_ROTl0220.png Graphic file (type png)
<use ./../../Figures/GRAV_Synthetic_ROTl0220.png>
Package pdftex.def Info: ./../../Figures/GRAV_Synthetic_ROTl0220.png used on in
put line 300.
(pdftex.def)             Requested size: 360.0pt x 175.75702pt.
 [97 <./../../Figures/GRAV_Synthetic_l2l2.png> <./../../Figures/GRAV_Synthetic_
l0l2.png>]

LaTeX Warning: `!h' float specifier changed to `!ht'.

[98 <./../../Figures/InterpolatedDip.png>]) [99 <./../../Figures/GRAV_Synthetic
_ROTl0220.png>]
\openout2 = `Chap6_Learning.aux'.

 (Chap6_Learning.tex
Chapter 6.
[100



]

Package hyperref Warning: Token not allowed in a PDF string (PDFDocEncoding):
(hyperref)                removing `math shift' on input line 21.


Package hyperref Warning: Token not allowed in a PDF string (PDFDocEncoding):
(hyperref)                removing `math shift' on input line 21.

<./../../Figures/Problem2D_True.png, id=2060, 811.3512pt x 341.8371pt>
File: ./../../Figures/Problem2D_True.png Graphic file (type png)

<use ./../../Figures/Problem2D_True.png>
Package pdftex.def Info: ./../../Figures/Problem2D_True.png used on input line 
28.
(pdftex.def)             Requested size: 360.0pt x 151.67105pt.

<./../../Figures/Problem2D_Tomo2D_9x9_Results.png, id=2063, 1014.189pt x 628.26
72pt>
File: ./../../Figures/Problem2D_Tomo2D_9x9_Results.png Graphic file (type png)
 <use ./../../Figures/Problem2D_Tomo2D_9x9_Results.png>
Package pdftex.def Info: ./../../Figures/Problem2D_Tomo2D_9x9_Results.png used 
on input line 46.
(pdftex.def)             Requested size: 360.0pt x 223.01244pt.
 [101] [102 <./../../Figures/Problem2D_True.png>]
<./../../Figures/Problem2D_Tomo2D_9x9_Residuals.png, id=2077, 946.2552pt x 644.
8893pt>
File: ./../../Figures/Problem2D_Tomo2D_9x9_Residuals.png Graphic file (type png
)
 <use ./../../Figures/Problem2D_Tomo2D_9x9_Residuals.png>
Package pdftex.def Info: ./../../Figures/Problem2D_Tomo2D_9x9_Residuals.png use
d on input line 62.
(pdftex.def)             Requested size: 360.0pt x 245.34584pt.
 [103 <./../../Figures/Problem2D_Tomo2D_9x9_Results.png>]
Overfull \hbox (7.86281pt too wide) in paragraph at lines 77--81
\OT1/ptm/m/n/10.95 Python li-brary \OT1/pcr/m/n/10.95 Scikit-Learn.decompositio
n.PCA \OT1/ptm/m/n/10.95 ([][]Pe-dregosa et al.[], []2011[]).
 []

[104 <./../../Figures/Problem2D_Tomo2D_9x9_Residuals.png>]
<./../../Figures/Tomo2D_StackPCA.png, id=2103, 613.0905pt x 357.0138pt>
File: ./../../Figures/Tomo2D_StackPCA.png Graphic file (type png)

<use ./../../Figures/Tomo2D_StackPCA.png>
Package pdftex.def Info: ./../../Figures/Tomo2D_StackPCA.png used on input line
 84.
(pdftex.def)             Requested size: 360.0pt x 209.63939pt.

<./../../Figures/Results_PCA_model.png, id=2106, 811.3512pt x 346.1733pt>
File: ./../../Figures/Results_PCA_model.png Graphic file (type png)

<use ./../../Figures/Results_PCA_model.png>
Package pdftex.def Info: ./../../Figures/Results_PCA_model.png used on input li
ne 98.
(pdftex.def)             Requested size: 360.0pt x 153.595pt.
 [105 <./../../Figures/Tomo2D_StackPCA.png>]
<./../../Figures/Tomo2D_CannyModels.png, id=2117, 1014.189pt x 602.4909pt>
File: ./../../Figures/Tomo2D_CannyModels.png Graphic file (type png)

<use ./../../Figures/Tomo2D_CannyModels.png>
Package pdftex.def Info: ./../../Figures/Tomo2D_CannyModels.png used on input l
ine 106.
(pdftex.def)             Requested size: 360.0pt x 213.86278pt.

<./../../Figures/Tomo2D_Average_pq.png, id=2120, 812.0739pt x 229.3368pt>
File: ./../../Figures/Tomo2D_Average_pq.png Graphic file (type png)

<use ./../../Figures/Tomo2D_Average_pq.png>
Package pdftex.def Info: ./../../Figures/Tomo2D_Average_pq.png used on input li
ne 118.
(pdftex.def)             Requested size: 360.0pt x 101.66786pt.
 [106 <./../../Figures/Results_PCA_model.png>] [107 <./../../Figures/Tomo2D_Can
nyModels.png> <./../../Figures/Tomo2D_Average_pq.png>]
<./../../Figures/Tomo2D_Reinverted_Variance.png, id=2137, 811.3512pt x 346.1733
pt>
File: ./../../Figures/Tomo2D_Reinverted_Variance.png Graphic file (type png)
 <use ./../../Figures/Tomo2D_Reinverted_Variance.png>
Package pdftex.def Info: ./../../Figures/Tomo2D_Reinverted_Variance.png used on
 input line 135.
(pdftex.def)             Requested size: 360.0pt x 153.595pt.
 [108]
File: ./../../Figures/Synthetic_Fold_Model.png Graphic file (type png)

<use ./../../Figures/Synthetic_Fold_Model.png>
Package pdftex.def Info: ./../../Figures/Synthetic_Fold_Model.png used on input
 line 149.
(pdftex.def)             Requested size: 360.0pt x 175.75702pt.
 [109 <./../../Figures/Tomo2D_Reinverted_Variance.png>] [110]
<./../../Figures/ImageMoment_UBClogo.png, id=2169, 936.6192pt x 406.3983pt>
File: ./../../Figures/ImageMoment_UBClogo.png Graphic file (type png)

<use ./../../Figures/ImageMoment_UBClogo.png>
Package pdftex.def Info: ./../../Figures/ImageMoment_UBClogo.png used on input 
line 174.
(pdftex.def)             Requested size: 360.0pt x 156.20648pt.
 [111]
<./../../Figures/ImageMoment.png, id=2190, 781.9614pt x 384.9582pt>
File: ./../../Figures/ImageMoment.png Graphic file (type png)

<use ./../../Figures/ImageMoment.png>
Package pdftex.def Info: ./../../Figures/ImageMoment.png used on input line 204
.
(pdftex.def)             Requested size: 360.0pt x 177.22977pt.
 [112 <./../../Figures/ImageMoment_UBClogo.png>]
<./../../Figures/GRAV_ModelSpace_Dip.png, id=2198, 919.9971pt x 554.5518pt>
File: ./../../Figures/GRAV_ModelSpace_Dip.png Graphic file (type png)

<use ./../../Figures/GRAV_ModelSpace_Dip.png>
Package pdftex.def Info: ./../../Figures/GRAV_ModelSpace_Dip.png used on input 
line 213.
(pdftex.def)             Requested size: 360.0pt x 217.00204pt.

<./../../Figures/LearnedRotation.png, id=2201, 973.236pt x 476.7411pt>
File: ./../../Figures/LearnedRotation.png Graphic file (type png)

<use ./../../Figures/LearnedRotation.png>
Package pdftex.def Info: ./../../Figures/LearnedRotation.png used on input line
 222.
(pdftex.def)             Requested size: 360.0pt x 176.3478pt.
 [113 <./../../Figures/ImageMoment.png>]
<./../../Figures/GRAV_Synthetic_ROTl0220_Learning.png, id=2209, 978.65625pt x 4
77.785pt>
File: ./../../Figures/GRAV_Synthetic_ROTl0220_Learning.png Graphic file (type p
ng)
 <use ./../../Figures/GRAV_Synthetic_ROTl0220_Learning.png>
Package pdftex.def Info: ./../../Figures/GRAV_Synthetic_ROTl0220_Learning.png u
sed on input line 230.
(pdftex.def)             Requested size: 360.0pt x 175.75702pt.
 [114 <./../../Figures/GRAV_ModelSpace_Dip.png>] [115 <./../../Figures/LearnedR
otation.png> <./../../Figures/GRAV_Synthetic_ROTl0220_Learning.png>]) [116]
\openout2 = `Chap7_Kevitsa.aux'.


(Chap7_Kevitsa.tex
Chapter 7.

Package hyperref Warning: Difference (2) between bookmark levels is greater 
(hyperref)                than one, level fixed on input line 11.


<./../../Figures/Kevitsa_Geol_SeisSections.png, id=2232, 652.5981pt x 783.1659p
t>
File: ./../../Figures/Kevitsa_Geol_SeisSections.png Graphic file (type png)
 <use ./../../Figures/Kevitsa_Geol_SeisSections.png>
Package pdftex.def Info: ./../../Figures/Kevitsa_Geol_SeisSections.png used on 
input line 15.
(pdftex.def)             Requested size: 360.0pt x 432.02124pt.


LaTeX Warning: `!h' float specifier changed to `!ht'.

[117



]

LaTeX Warning: Text page 118 contains only floats.

[118 <./../../Figures/Kevitsa_Geol_SeisSections.png>] [119]
<./../../Figures/Kevitsa_PhysProp_BarPlot.png, id=2264, 906.5067pt x 876.1533pt
>
File: ./../../Figures/Kevitsa_PhysProp_BarPlot.png Graphic file (type png)
 <use ./../../Figures/Kevitsa_PhysProp_BarPlot.png>
Package pdftex.def Info: ./../../Figures/Kevitsa_PhysProp_BarPlot.png used on i
nput line 45.
(pdftex.def)             Requested size: 360.0pt x 347.94174pt.


LaTeX Warning: `!h' float specifier changed to `!ht'.

<./../../Figures/Kevitsa_PF_Data.png, id=2274, 562.0197pt x 705.837pt>
File: ./../../Figures/Kevitsa_PF_Data.png Graphic file (type png)

<use ./../../Figures/Kevitsa_PF_Data.png>
Package pdftex.def Info: ./../../Figures/Kevitsa_PF_Data.png used on input line
 117.
(pdftex.def)             Requested size: 360.0pt x 452.13264pt.
 [120] [121] [122 <./../../Figures/Kevitsa_PhysProp_BarPlot.png>] [123 <./../..
/Figures/Kevitsa_PF_Data.png>]
[124]
<./../../Figures/Kevitsa_Den_l2model.png, id=2315, 638.6259pt x 783.1659pt>
File: ./../../Figures/Kevitsa_Den_l2model.png Graphic file (type png)

<use ./../../Figures/Kevitsa_Den_l2model.png>
Package pdftex.def Info: ./../../Figures/Kevitsa_Den_l2model.png used on input 
line 166.
(pdftex.def)             Requested size: 360.0pt x 441.4977pt.

<./../../Figures/Kevitsa_Grav_Constraints_Markers.png, id=2318, 484.9317pt x 65
8.3797pt>
File: ./../../Figures/Kevitsa_Grav_Constraints_Markers.png Graphic file (type p
ng)
 <use ./../../Figures/Kevitsa_Grav_Constraints_Markers.png>
Package pdftex.def Info: ./../../Figures/Kevitsa_Grav_Constraints_Markers.png u
sed on input line 177.
(pdftex.def)             Requested size: 360.0pt x 488.78062pt.


LaTeX Warning: `!h' float specifier changed to `!ht'.


<./../../Figures/Kevitsa_Results9x9_Hsection_0mref.png, id=2321, 1249.0665pt x 
978.054pt>
File: ./../../Figures/Kevitsa_Results9x9_Hsection_0mref.png Graphic file (type 
png)
 <use ./../../Figures/Kevitsa_Results9x9_Hsection_0mref.png>
Package pdftex.def Info: ./../../Figures/Kevitsa_Results9x9_Hsection_0mref.png 
used on input line 185.
(pdftex.def)             Requested size: 360.0pt x 281.8823pt.

<./../../Figures/Kevitsa_Results9x9_Vsection_0mref.png, id=2322, 1272.6747pt x 
735.2268pt>
File: ./../../Figures/Kevitsa_Results9x9_Vsection_0mref.png Graphic file (type 
png)
 <use ./../../Figures/Kevitsa_Results9x9_Vsection_0mref.png>
Package pdftex.def Info: ./../../Figures/Kevitsa_Results9x9_Vsection_0mref.png 
used on input line 190.
(pdftex.def)             Requested size: 360.0pt x 207.9712pt.

<./../../Figures/Kevitsa_Results9x9_GRAV_Predicted.png, id=2324, 1249.0665pt x 
981.4266pt>
File: ./../../Figures/Kevitsa_Results9x9_GRAV_Predicted.png Graphic file (type 
png)
 <use ./../../Figures/Kevitsa_Results9x9_GRAV_Predicted.png>
Package pdftex.def Info: ./../../Figures/Kevitsa_Results9x9_GRAV_Predicted.png 
used on input line 196.
(pdftex.def)             Requested size: 360.0pt x 282.85431pt.

[125] [126 <./../../Figures/Kevitsa_Den_l2model.png>]
<./../../Figures/Kevitsa_Iso_ModeslSpace_Den.png, id=2335, 652.5981pt x 783.165
9pt>
File: ./../../Figures/Kevitsa_Iso_ModeslSpace_Den.png Graphic file (type png)
 <use ./../../Figures/Kevitsa_Iso_ModeslSpace_Den.png>
Package pdftex.def Info: ./../../Figures/Kevitsa_Iso_ModeslSpace_Den.png used o
n input line 207.
(pdftex.def)             Requested size: 360.0pt x 432.02124pt.
 [127]
<./../../Figures/Kevitsa_Seis_Susc.png, id=2349, 807.9786pt x 615.9813pt>
File: ./../../Figures/Kevitsa_Seis_Susc.png Graphic file (type png)

<use ./../../Figures/Kevitsa_Seis_Susc.png>
Package pdftex.def Info: ./../../Figures/Kevitsa_Seis_Susc.png used on input li
ne 227.
(pdftex.def)             Requested size: 360.0pt x 274.45387pt.


LaTeX Warning: `!h' float specifier changed to `!ht'.


<./../../Figures/Kevitsa_Results9x9_Hsection_MVIS.png, id=2356, 1250.0301pt x 9
78.054pt>
File: ./../../Figures/Kevitsa_Results9x9_Hsection_MVIS.png Graphic file (type p
ng)
 <use ./../../Figures/Kevitsa_Results9x9_Hsection_MVIS.png>
Package pdftex.def Info: ./../../Figures/Kevitsa_Results9x9_Hsection_MVIS.png u
sed on input line 236.
(pdftex.def)             Requested size: 360.0pt x 281.67336pt.

<./../../Figures/Kevitsa_Results9x9_Vsection_MVIS.png, id=2357, 1272.6747pt x 7
35.2268pt>
File: ./../../Figures/Kevitsa_Results9x9_Vsection_MVIS.png Graphic file (type p
ng)
 <use ./../../Figures/Kevitsa_Results9x9_Vsection_MVIS.png>
Package pdftex.def Info: ./../../Figures/Kevitsa_Results9x9_Vsection_MVIS.png u
sed on input line 241.
(pdftex.def)             Requested size: 360.0pt x 207.9712pt.

<./../../Figures/Kevitsa_MAG_Results9x9_Predicted_ROT.png, id=2359, 1249.0665pt
 x 981.4266pt>
File: ./../../Figures/Kevitsa_MAG_Results9x9_Predicted_ROT.png Graphic file (ty
pe png)
 <use ./../../Figures/Kevitsa_MAG_Results9x9_Predicted_ROT.png>
Package pdftex.def Info: ./../../Figures/Kevitsa_MAG_Results9x9_Predicted_ROT.p
ng used on input line 247.
(pdftex.def)             Requested size: 360.0pt x 282.85431pt.


LaTeX Warning: `!h' float specifier changed to `!ht'.


LaTeX Warning: `!h' float specifier changed to `!ht'.

[128]
<./../../Figures/Kevitsa_Iso_ModeslSpace_Mag.png, id=2369, 652.5981pt x 783.165
9pt>
File: ./../../Figures/Kevitsa_Iso_ModeslSpace_Mag.png Graphic file (type png)
 <use ./../../Figures/Kevitsa_Iso_ModeslSpace_Mag.png>
Package pdftex.def Info: ./../../Figures/Kevitsa_Iso_ModeslSpace_Mag.png used o
n input line 269.
(pdftex.def)             Requested size: 360.0pt x 432.02124pt.

Underfull \hbox (badness 1242) in paragraph at lines 270--270
[] []|\OT1/ptm/m/n/10.95 (Top) Hor-i-zon-tal and (bot-tom) ver-ti-cal sec-tions
 through iso-
 []


LaTeX Warning: `!h' float specifier changed to `!ht'.

[129]) [130] [131 <./../../Figures/Kevitsa_Grav_Constraints_Markers.png>]
[132 <./../../Figures/Kevitsa_Results9x9_Hsection_0mref.png>] [133 <./../../Fig
ures/Kevitsa_Results9x9_Vsection_0mref.png>] [134 <./../../Figures/Kevitsa_Resu
lts9x9_GRAV_Predicted.png>] [135 <./../../Figures/Kevitsa_Iso_ModeslSpace_Den.p
ng>] [136 <./../../Figures/Kevitsa_Seis_Susc.png>] [137 <./../../Figures/Kevits
a_Results9x9_Hsection_MVIS.png>] [138 <./../../Figures/Kevitsa_Results9x9_Vsect
ion_MVIS.png>] [139 <./../../Figures/Kevitsa_MAG_Results9x9_Predicted_ROT.png>]
[140 <./../../Figures/Kevitsa_Iso_ModeslSpace_Mag.png>]
\openout2 = `Chap8_Conclusion.aux'.

 (Chap8_Conclusion.tex
Chapter 8.
[141



] [142] [143]) [144] (Thesis_Driver.bbl (Thesis_Driver.brf)
\tf@brf=\write9
\openout9 = `Thesis_Driver.brf'.

 [145


] [146]
Missing character: There is no Ã in font ptmr7t!
Missing character: There is no ¼ in font ptmr7t!

[147] [148]
Missing character: There is no â in font ptmr7t!
Missing character: There is no € in font ptmr7t!
Missing character: There is no  in font ptmr7t!
 [149]
Missing character: There is no â in font ptmr7t!
Missing character: There is no € in font ptmr7t!
Missing character: There is no ” in font ptmr7t!
 [150] [151] [152]) [153]
\openout2 = `appendix.aux'.

 (appendix.tex) [154


pdfTeX warning (ext4): destination with the same identifier (name{equation.8.1.
1}) has been already used, duplicate ignored

\AtBegShi@Output ...ipout \box \AtBeginShipoutBox 
                                                  \fi \fi 
l.445 \include{appendix}
                        pdfTeX warning (ext4): destination with the same identi
fier (name{equation.8.1.1}) has been already used, duplicate ignored

\AtBegShi@Output ...ipout \box \AtBeginShipoutBox 
                                                  \fi \fi 
l.445 \include{appendix}
                        ]
Package atveryend Info: Empty hook `BeforeClearDocument' on input line 456.
Package atveryend Info: Empty hook `AfterLastShipout' on input line 456.
 (Thesis_Driver.aux (committee.aux) (abstract.aux)
(summary.aux) (preface.aux) (ack.aux) (Chap1_Intro.aux) (Chap2_Forward.aux)
(Chap3_Inverse.aux) (Chap4_MVIS.aux) (Chap5_RotatedGradients.aux)
(Chap6_Learning.aux) (Chap7_Kevitsa.aux) (Chap8_Conclusion.aux) (appendix.aux))
Package atveryend Info: Executing hook `AtVeryEndDocument' on input line 456.
Package atveryend Info: Executing hook `AtEndAfterFileList' on input line 456.
Package rerunfilecheck Info: File `Thesis_Driver.out' has not changed.
(rerunfilecheck)             Checksum: A695D3FE5F272EE026CB5379FF346821;4637.
Package rerunfilecheck Info: File `Thesis_Driver.brf' has not changed.
(rerunfilecheck)             Checksum: E1990611510EF69ABB83835F755BEED5;11414.

LaTeX Warning: There were multiply-defined labels.

Package atveryend Info: Empty hook `AtVeryVeryEnd' on input line 456.
 ) 
Here is how much of TeX's memory you used:
 14174 strings out of 493333
 219269 string characters out of 3139158
 335585 words of memory out of 3000000
 16639 multiletter control sequences out of 15000+200000
 71948 words of font info for 156 fonts, out of 3000000 for 9000
 1141 hyphenation exceptions out of 8191
 36i,26n,44p,1454b,738s stack positions out of 5000i,500n,10000p,200000b,50000s
{C:/Program Files/MiKTeX 2.9/fonts/enc/dvips/base/8r.enc}<C:/Program Files/Mi
KTeX 2.9/fonts/type1/public/amsfonts/cm/cmex10.pfb><C:/Program Files/MiKTeX 2.9
/fonts/type1/public/amsfonts/cm/cmmi10.pfb><C:/Program Files/MiKTeX 2.9/fonts/t
ype1/public/amsfonts/cm/cmr10.pfb><C:/Program Files/MiKTeX 2.9/fonts/type1/publ
ic/amsfonts/cm/cmsy10.pfb><C:/Program Files/MiKTeX 2.9/fonts/type1/public/amsfo
nts/symbols/msam10.pfb><C:/Program Files/MiKTeX 2.9/fonts/type1/public/amsfonts
/symbols/msbm10.pfb><C:/Program Files/MiKTeX 2.9/fonts/type1/urw/courier/ucrr8a
.pfb><C:/Program Files/MiKTeX 2.9/fonts/type1/urw/symbol/usyr.pfb><C:/Program F
iles/MiKTeX 2.9/fonts/type1/urw/symbol/usyr.pfb><C:/Program Files/MiKTeX 2.9/fo
nts/type1/urw/times/utmb8a.pfb><C:/Program Files/MiKTeX 2.9/fonts/type1/urw/tim
es/utmr8a.pfb><C:/Program Files/MiKTeX 2.9/fonts/type1/urw/times/utmri8a.pfb>
Output written on Thesis_Driver.pdf (178 pages, 56422895 bytes).
PDF statistics:
 2881 PDF objects out of 2984 (max. 8388607)
 612 named destinations out of 1000 (max. 500000)
 893 words of extra memory for PDF output out of 10000 (max. 10000000)

