This is pdfTeX, Version 3.14159265-2.6-1.40.17 (MiKTeX 2.9.6210 64-bit) (preloaded format=pdflatex 2017.3.21)  21 MAR 2017 15:43
entering extended mode
**./CMI_Abstract.ltx
(CMI_Abstract.ltx
LaTeX2e <2017/01/01> patch level 1
Babel <3.9r> and hyphenation patterns for 75 language(s) loaded.
(segabs.cls
Document Class: segabs 2005/04/03 v1.0 SEG expanded abstract
("C:\Program Files\MiKTeX 2.9\tex\latex\base\ifthen.sty"
Package: ifthen 2014/09/29 v1.1c Standard LaTeX ifthen package (DPC)
)
("C:\Program Files\MiKTeX 2.9\tex\latex\base\article.cls"
Document Class: article 2014/09/29 v1.4h Standard LaTeX document class
("C:\Program Files\MiKTeX 2.9\tex\latex\base\size11.clo"
File: size11.clo 2014/09/29 v1.4h Standard LaTeX file (size option)
)
\c@part=\count79
\c@section=\count80
\c@subsection=\count81
\c@subsubsection=\count82
\c@paragraph=\count83
\c@subparagraph=\count84
\c@figure=\count85
\c@table=\count86
\abovecaptionskip=\skip41
\belowcaptionskip=\skip42
\bibindent=\dimen102
)
("C:\Program Files\MiKTeX 2.9\tex\latex\psnfss\mathptmx.sty"
Package: mathptmx 2005/04/12 PSNFSS-v9.2a Times w/ Math, improved (SPQR, WaS) 
LaTeX Font Info:    Redeclaring symbol font `operators' on input line 28.
LaTeX Font Info:    Overwriting symbol font `operators' in version `normal'
(Font)                  OT1/cmr/m/n --> OT1/ztmcm/m/n on input line 28.
LaTeX Font Info:    Overwriting symbol font `operators' in version `bold'
(Font)                  OT1/cmr/bx/n --> OT1/ztmcm/m/n on input line 28.
LaTeX Font Info:    Redeclaring symbol font `letters' on input line 29.
LaTeX Font Info:    Overwriting symbol font `letters' in version `normal'
(Font)                  OML/cmm/m/it --> OML/ztmcm/m/it on input line 29.
LaTeX Font Info:    Overwriting symbol font `letters' in version `bold'
(Font)                  OML/cmm/b/it --> OML/ztmcm/m/it on input line 29.
LaTeX Font Info:    Redeclaring symbol font `symbols' on input line 30.
LaTeX Font Info:    Overwriting symbol font `symbols' in version `normal'
(Font)                  OMS/cmsy/m/n --> OMS/ztmcm/m/n on input line 30.
LaTeX Font Info:    Overwriting symbol font `symbols' in version `bold'
(Font)                  OMS/cmsy/b/n --> OMS/ztmcm/m/n on input line 30.
LaTeX Font Info:    Redeclaring symbol font `largesymbols' on input line 31.
LaTeX Font Info:    Overwriting symbol font `largesymbols' in version `normal'
(Font)                  OMX/cmex/m/n --> OMX/ztmcm/m/n on input line 31.
LaTeX Font Info:    Overwriting symbol font `largesymbols' in version `bold'
(Font)                  OMX/cmex/m/n --> OMX/ztmcm/m/n on input line 31.
\symbold=\mathgroup4
\symitalic=\mathgroup5
LaTeX Font Info:    Redeclaring math alphabet \mathbf on input line 34.
LaTeX Font Info:    Overwriting math alphabet `\mathbf' in version `normal'
(Font)                  OT1/cmr/bx/n --> OT1/ptm/bx/n on input line 34.
LaTeX Font Info:    Overwriting math alphabet `\mathbf' in version `bold'
(Font)                  OT1/cmr/bx/n --> OT1/ptm/bx/n on input line 34.
LaTeX Font Info:    Redeclaring math alphabet \mathit on input line 35.
LaTeX Font Info:    Overwriting math alphabet `\mathit' in version `normal'
(Font)                  OT1/cmr/m/it --> OT1/ptm/m/it on input line 35.
LaTeX Font Info:    Overwriting math alphabet `\mathit' in version `bold'
(Font)                  OT1/cmr/bx/it --> OT1/ptm/m/it on input line 35.
LaTeX Info: Redefining \hbar on input line 50.
)
LaTeX Font Info:    Redeclaring symbol font `largesymbols' on input line 48.
LaTeX Font Info:    Overwriting symbol font `largesymbols' in version `normal'
(Font)                  OMX/ztmcm/m/n --> OMX/cmex/m/n on input line 48.
LaTeX Font Info:    Overwriting symbol font `largesymbols' in version `bold'
(Font)                  OMX/ztmcm/m/n --> OMX/cmex/m/n on input line 48.
 (seg.sty
("C:\Program Files\MiKTeX 2.9\tex\generic\oberdiek\ifpdf.sty"
Package: ifpdf 2016/05/14 v3.1 Provides the ifpdf switch
)
("C:\Program Files\MiKTeX 2.9\tex\latex\graphics\graphicx.sty"
Package: graphicx 2014/10/28 v1.0g Enhanced LaTeX Graphics (DPC,SPQR)

("C:\Program Files\MiKTeX 2.9\tex\latex\graphics\keyval.sty"
Package: keyval 2014/10/28 v1.15 key=value parser (DPC)
\KV@toks@=\toks14
)
("C:\Program Files\MiKTeX 2.9\tex\latex\graphics\graphics.sty"
Package: graphics 2016/10/09 v1.0u Standard LaTeX Graphics (DPC,SPQR)

("C:\Program Files\MiKTeX 2.9\tex\latex\graphics\trig.sty"
Package: trig 2016/01/03 v1.10 sin cos tan (DPC)
)
("C:\Program Files\MiKTeX 2.9\tex\latex\graphics-cfg\graphics.cfg"
File: graphics.cfg 2016/06/04 v1.11 sample graphics configuration
)
Package graphics Info: Driver file: pdftex.def on input line 99.

("C:\Program Files\MiKTeX 2.9\tex\latex\graphics-def\pdftex.def"
File: pdftex.def 2017/01/12 v0.06k Graphics/color for pdfTeX

("C:\Program Files\MiKTeX 2.9\tex\generic\oberdiek\infwarerr.sty"
Package: infwarerr 2016/05/16 v1.4 Providing info/warning/error messages (HO)
)
("C:\Program Files\MiKTeX 2.9\tex\generic\oberdiek\ltxcmds.sty"
Package: ltxcmds 2016/05/16 v1.23 LaTeX kernel commands for general use (HO)
)
\Gread@gobject=\count87
))
\Gin@req@height=\dimen103
\Gin@req@width=\dimen104
)
("C:\Program Files\MiKTeX 2.9\tex\latex\tools\verbatim.sty"
Package: verbatim 2014/10/28 v1.5q LaTeX2e package for verbatim enhancements
\every@verbatim=\toks15
\verbatim@line=\toks16
\verbatim@in@stream=\read1
)
("C:\Program Files\MiKTeX 2.9\tex\latex\moreverb\moreverb.sty"
Package: moreverb 2008/06/03 v2.3a `more' verbatim facilities
\tab@position=\count88
\tab@size=\count89
\listing@line=\count90
))
\c@@plots=\count91

("C:\Program Files\MiKTeX 2.9\tex\latex\subfig\subfig.sty"
Package: subfig 2005/06/28 ver: 1.3 subfig package

("C:\Program Files\MiKTeX 2.9\tex\latex\caption\caption.sty"
Package: caption 2016/02/21 v3.3-144 Customizing captions (AR)

("C:\Program Files\MiKTeX 2.9\tex\latex\caption\caption3.sty"
Package: caption3 2016/05/22 v1.7-166 caption3 kernel (AR)
Package caption3 Info: TeX engine: e-TeX on input line 67.
\captionmargin=\dimen105
\captionmargin@=\dimen106
\captionwidth=\dimen107
\caption@tempdima=\dimen108
\caption@indent=\dimen109
\caption@parindent=\dimen110
\caption@hangindent=\dimen111
)
\c@ContinuedFloat=\count92
)
\c@KVtest=\count93
\sf@farskip=\skip43
\sf@captopadj=\dimen112
\sf@capskip=\skip44
\sf@nearskip=\skip45
\c@subfigure=\count94
\c@subfigure@save=\count95
\c@lofdepth=\count96
\c@subtable=\count97
\c@subtable@save=\count98
\c@lotdepth=\count99
\sf@top=\skip46
\sf@bottom=\skip47
)
\c@sub@fig=\count100

("C:\Program Files\MiKTeX 2.9\tex\latex\natbib\natbib.sty"
Package: natbib 2010/09/13 8.31b (PWD, AO)
\bibhang=\skip48
\bibsep=\skip49
LaTeX Info: Redefining \cite on input line 694.
\c@NAT@ctr=\count101
)
LaTeX Info: Redefining \refname on input line 137.
\c@@append=\count102
)
("C:\Program Files\MiKTeX 2.9\tex\latex\amsmath\amsmath.sty"
Package: amsmath 2016/11/05 v2.16a AMS math features
\@mathmargin=\skip50

For additional information on amsmath, use the `?' option.
("C:\Program Files\MiKTeX 2.9\tex\latex\amsmath\amstext.sty"
Package: amstext 2000/06/29 v2.01 AMS text

("C:\Program Files\MiKTeX 2.9\tex\latex\amsmath\amsgen.sty"
File: amsgen.sty 1999/11/30 v2.0 generic functions
\@emptytoks=\toks17
\ex@=\dimen113
))
("C:\Program Files\MiKTeX 2.9\tex\latex\amsmath\amsbsy.sty"
Package: amsbsy 1999/11/29 v1.2d Bold Symbols
\pmbraise@=\dimen114
)
("C:\Program Files\MiKTeX 2.9\tex\latex\amsmath\amsopn.sty"
Package: amsopn 2016/03/08 v2.02 operator names
)
\inf@bad=\count103
LaTeX Info: Redefining \frac on input line 213.
\uproot@=\count104
\leftroot@=\count105
LaTeX Info: Redefining \overline on input line 375.
\classnum@=\count106
\DOTSCASE@=\count107
LaTeX Info: Redefining \ldots on input line 472.
LaTeX Info: Redefining \dots on input line 475.
LaTeX Info: Redefining \cdots on input line 596.
\Mathstrutbox@=\box26
\strutbox@=\box27
\big@size=\dimen115
LaTeX Font Info:    Redeclaring font encoding OML on input line 712.
LaTeX Font Info:    Redeclaring font encoding OMS on input line 713.
\macc@depth=\count108
\c@MaxMatrixCols=\count109
\dotsspace@=\muskip10
\c@parentequation=\count110
\dspbrk@lvl=\count111
\tag@help=\toks18
\row@=\count112
\column@=\count113
\maxfields@=\count114
\andhelp@=\toks19
\eqnshift@=\dimen116
\alignsep@=\dimen117
\tagshift@=\dimen118
\tagwidth@=\dimen119
\totwidth@=\dimen120
\lineht@=\dimen121
\@envbody=\toks20
\multlinegap=\skip51
\multlinetaggap=\skip52
\mathdisplay@stack=\toks21
LaTeX Info: Redefining \[ on input line 2817.
LaTeX Info: Redefining \] on input line 2818.
)
("C:\Program Files\MiKTeX 2.9\tex\latex\amsfonts\amsfonts.sty"
Package: amsfonts 2013/01/14 v3.01 Basic AMSFonts support
\symAMSa=\mathgroup6
\symAMSb=\mathgroup7
LaTeX Font Info:    Overwriting math alphabet `\mathfrak' in version `bold'
(Font)                  U/euf/m/n --> U/euf/b/n on input line 106.
)
No file CMI_Abstract.aux.
\openout1 = `CMI_Abstract.aux'.

LaTeX Font Info:    Checking defaults for OML/cmm/m/it on input line 9.
LaTeX Font Info:    ... okay on input line 9.
LaTeX Font Info:    Checking defaults for T1/cmr/m/n on input line 9.
LaTeX Font Info:    ... okay on input line 9.
LaTeX Font Info:    Checking defaults for OT1/cmr/m/n on input line 9.
LaTeX Font Info:    ... okay on input line 9.
LaTeX Font Info:    Checking defaults for OMS/cmsy/m/n on input line 9.
LaTeX Font Info:    ... okay on input line 9.
LaTeX Font Info:    Checking defaults for OMX/cmex/m/n on input line 9.
LaTeX Font Info:    ... okay on input line 9.
LaTeX Font Info:    Checking defaults for U/cmr/m/n on input line 9.
LaTeX Font Info:    ... okay on input line 9.
LaTeX Font Info:    Try loading font information for OT1+ptm on input line 9.
("C:\Program Files\MiKTeX 2.9\tex\latex\psnfss\ot1ptm.fd"
File: ot1ptm.fd 2001/06/04 font definitions for OT1/ptm.
)
("C:\Program Files\MiKTeX 2.9\tex\context\base\supp-pdf.mkii"
[Loading MPS to PDF converter (version 2006.09.02).]
\scratchcounter=\count115
\scratchdimen=\dimen122
\scratchbox=\box28
\nofMPsegments=\count116
\nofMParguments=\count117
\everyMPshowfont=\toks22
\MPscratchCnt=\count118
\MPscratchDim=\dimen123
\MPnumerator=\count119
\makeMPintoPDFobject=\count120
\everyMPtoPDFconversion=\toks23
) ("C:\Program Files\MiKTeX 2.9\tex\generic\oberdiek\pdftexcmds.sty"
Package: pdftexcmds 2016/05/21 v0.22 Utility functions of pdfTeX for LuaTeX (HO
)

("C:\Program Files\MiKTeX 2.9\tex\generic\oberdiek\ifluatex.sty"
Package: ifluatex 2016/05/16 v1.4 Provides the ifluatex switch (HO)
Package ifluatex Info: LuaTeX not detected.
)
Package pdftexcmds Info: LuaTeX not detected.
Package pdftexcmds Info: \pdf@primitive is available.
Package pdftexcmds Info: \pdf@ifprimitive is available.
Package pdftexcmds Info: \pdfdraftmode found.
)
("C:\Program Files\MiKTeX 2.9\tex\latex\oberdiek\epstopdf-base.sty"
Package: epstopdf-base 2016/05/15 v2.6 Base part for package epstopdf

("C:\Program Files\MiKTeX 2.9\tex\latex\oberdiek\grfext.sty"
Package: grfext 2016/05/16 v1.2 Manage graphics extensions (HO)

("C:\Program Files\MiKTeX 2.9\tex\generic\oberdiek\kvdefinekeys.sty"
Package: kvdefinekeys 2016/05/16 v1.4 Define keys (HO)
))
("C:\Program Files\MiKTeX 2.9\tex\latex\oberdiek\kvoptions.sty"
Package: kvoptions 2016/05/16 v3.12 Key value format for package options (HO)

("C:\Program Files\MiKTeX 2.9\tex\generic\oberdiek\kvsetkeys.sty"
Package: kvsetkeys 2016/05/16 v1.17 Key value parser (HO)

("C:\Program Files\MiKTeX 2.9\tex\generic\oberdiek\etexcmds.sty"
Package: etexcmds 2016/05/16 v1.6 Avoid name clashes with e-TeX commands (HO)
Package etexcmds Info: Could not find \expanded.
(etexcmds)             That can mean that you are not using pdfTeX 1.50 or
(etexcmds)             that some package has redefined \expanded.
(etexcmds)             In the latter case, load this package earlier.
)))
Package epstopdf-base Info: Redefining graphics rule for `.eps' on input line 4
38.
Package grfext Info: Graphics extension search list:
(grfext)             [.pdf,.png,.eps]
(grfext)             \AppendGraphicsExtensions on input line 456.
)
Package caption Info: Begin \AtBeginDocument code.
Package caption Info: subfig package v1.3 is loaded.
Package caption Info: End \AtBeginDocument code.
LaTeX Font Info:    Font shape `OT1/ptm/bx/n' in size <10.95> not available
(Font)              Font shape `OT1/ptm/b/n' tried instead on input line 21.
LaTeX Font Info:    Try loading font information for OT1+ztmcm on input line 21
.

("C:\Program Files\MiKTeX 2.9\tex\latex\psnfss\ot1ztmcm.fd"
File: ot1ztmcm.fd 2000/01/03 Fontinst v1.801 font definitions for OT1/ztmcm.
)
LaTeX Font Info:    Try loading font information for OML+ztmcm on input line 21
.

("C:\Program Files\MiKTeX 2.9\tex\latex\psnfss\omlztmcm.fd"
File: omlztmcm.fd 2000/01/03 Fontinst v1.801 font definitions for OML/ztmcm.
)
LaTeX Font Info:    Try loading font information for OMS+ztmcm on input line 21
.

("C:\Program Files\MiKTeX 2.9\tex\latex\psnfss\omsztmcm.fd"
File: omsztmcm.fd 2000/01/03 Fontinst v1.801 font definitions for OMS/ztmcm.
)
LaTeX Font Info:    Font shape `OT1/ptm/bx/n' in size <10> not available
(Font)              Font shape `OT1/ptm/b/n' tried instead on input line 21.
LaTeX Font Info:    Font shape `OT1/ptm/bx/n' in size <7.4> not available
(Font)              Font shape `OT1/ptm/b/n' tried instead on input line 21.
LaTeX Font Info:    Font shape `OT1/ptm/bx/n' in size <6> not available
(Font)              Font shape `OT1/ptm/b/n' tried instead on input line 21.
LaTeX Font Info:    Try loading font information for OMS+ptm on input line 21.

("C:\Program Files\MiKTeX 2.9\tex\latex\psnfss\omsptm.fd"
File: omsptm.fd 
)
LaTeX Font Info:    Font shape `OMS/ptm/m/n' in size <7.4> not available
(Font)              Font shape `OMS/cmsy/m/n' tried instead on input line 21.
LaTeX Font Info:    Font shape `OT1/ptm/bx/n' in size <9> not available
(Font)              Font shape `OT1/ptm/b/n' tried instead on input line 23.


Package natbib Warning: Citation `LiOldenburg1996' on page 1 undefined on input
 line 37.


Package natbib Warning: Citation `Pilkington97' on page 1 undefined on input li
ne 37.


Package natbib Warning: Citation `Anderson1992' on page 1 undefined on input li
ne 38.


Package natbib Warning: Citation `Dransfield2003' on page 1 undefined on input 
line 38.


Package natbib Warning: Citation `LiShearer10' on page 1 undefined on input lin
e 38.


Package natbib Warning: Citation `Phillips03' on page 1 undefined on input line
 44.


Package natbib Warning: Citation `DannemillerLi06' on page 1 undefined on input
 line 44.


Package natbib Warning: Citation `Shearer05' on page 1 undefined on input line 
49.


Package natbib Warning: Citation `LiShearer10' on page 1 undefined on input lin
e 50.


Package natbib Warning: Citation `Krahenbuhl2007' on page 1 undefined on input 
line 50.


Package natbib Warning: Citation `Lelievre2009' on page 1 undefined on input li
ne 55.


Package natbib Warning: Citation `Kubota2005' on page 1 undefined on input line
 56.


Package natbib Warning: Citation `Ellis2012' on page 1 undefined on input line 
56.


Package natbib Warning: Citation `PhDLelievre09' on page 1 undefined on input l
ine 59.


Overfull \hbox (1.61952pt too wide) in paragraph at lines 54--61
\OT1/ptm/m/n/9 bore-hole mea-sure-ments may greatly re-duce the non-uniqueness
 []


Package natbib Warning: Citation `Shearer05' on page 1 undefined on input line 
62.


Package natbib Warning: Citation `Lelievre2009' on page 1 undefined on input li
ne 62.


Package natbib Warning: Citation `Liu2015' on page 1 undefined on input line 65
.

LaTeX Font Info:    Font shape `OT1/ptm/bx/n' in size <7> not available
(Font)              Font shape `OT1/ptm/b/n' tried instead on input line 72.
LaTeX Font Info:    Font shape `OT1/ptm/bx/n' in size <5> not available
(Font)              Font shape `OT1/ptm/b/n' tried instead on input line 72.
[1{C:/ProgramData/MiKTeX/2.9/pdftex/config/pdftex.map}


]

LaTeX Warning: Reference `fig:Vec_model_Cropped' on page 2 undefined on input l
ine 84.

<./Fig/Vec_model_Cropped.pdf, id=15, 574.54652pt x 289.08pt>
File: ./Fig/Vec_model_Cropped.pdf Graphic file (type pdf)

<use ./Fig/Vec_model_Cropped.pdf>
Package pdftex.def Info: ./Fig/Vec_model_Cropped.pdf used on input line 87.
(pdftex.def)             Requested size: 190.04887pt x 95.62164pt.


LaTeX Warning: Reference `b_integral' on page 2 undefined on input line 88.


Package natbib Warning: Citation `Sharma66' on page 2 undefined on input line 8
8.


LaTeX Warning: Reference `fig:Vec_model_Cropped' on page 2 undefined on input l
ine 95.


Overfull \hbox (9.34088pt too wide) in paragraph at lines 94--96
\OT1/ptm/m/n/9 ne-ti-za-tion $\OT1/ptm/b/n/9 m$ \OT1/ptm/m/n/9 within each mode
l cell to the ob-served TMI anomaly
 []


LaTeX Warning: Reference `Fwr_b' on page 2 undefined on input line 98.


Package natbib Warning: Citation `LiOldenburg1996' on page 2 undefined on input
 line 103.


Package natbib Warning: Citation `LiOldenburg1996' on page 2 undefined on input
 line 112.


LaTeX Warning: Reference `fig:Susc_model_Cropped' on page 2 undefined on input 
line 114.

<./Fig/Susc_model_Cropped.pdf, id=16, 597.07068pt x 291.24811pt>
File: ./Fig/Susc_model_Cropped.pdf Graphic file (type pdf)

<use ./Fig/Susc_model_Cropped.pdf>
Package pdftex.def Info: ./Fig/Susc_model_Cropped.pdf used on input line 115.
(pdftex.def)             Requested size: 190.04887pt x 92.70355pt.

Overfull \hbox (4.48994pt too wide) in paragraph at lines 110--116
\OT1/ptm/m/n/9 penalty func-tions. Least-squares penal-ties are as-signed to mo
del
 []


Package natbib Warning: Citation `Shearer05' on page 2 undefined on input line 
118.


Package natbib Warning: Citation `LiShearer10' on page 2 undefined on input lin
e 118.


Package natbib Warning: Citation `Nabighian72' on page 2 undefined on input lin
e 119.


Package natbib Warning: Citation `Li2010' on page 2 undefined on input line 137
.


LaTeX Warning: Reference `fig:Amp_model_Cropped' on page 2 undefined on input l
ine 139.

<./Fig/Amp_model_Cropped.pdf, id=17, 597.07068pt x 291.24811pt>
File: ./Fig/Amp_model_Cropped.pdf Graphic file (type pdf)

<use ./Fig/Amp_model_Cropped.pdf>
Package pdftex.def Info: ./Fig/Amp_model_Cropped.pdf used on input line 140.
(pdftex.def)             Requested size: 190.04887pt x 92.70355pt.
 [2 <./Fig/Vec_model_Cropped.pdf> <./Fig/Susc_model_Cropped.pdf, page is rotate
d 90 degrees>]

Package natbib Warning: Citation `Lelievre2009' on page 3 undefined on input li
ne 143.


LaTeX Warning: Reference `sus_prob' on page 3 undefined on input line 149.


LaTeX Warning: Reference `eq:obj_func' on page 3 undefined on input line 149.


LaTeX Warning: Reference `fig:MVI_model_Cropped' on page 3 undefined on input l
ine 149.

<./Fig/MVI_model_Cropped.pdf, id=33, 597.07068pt x 291.24811pt>
File: ./Fig/MVI_model_Cropped.pdf Graphic file (type pdf)

<use ./Fig/MVI_model_Cropped.pdf>
Package pdftex.def Info: ./Fig/MVI_model_Cropped.pdf used on input line 151.
(pdftex.def)             Requested size: 190.04887pt x 92.70355pt.

Overfull \hbox (6.80334pt too wide) in paragraph at lines 154--158
\OT1/ptm/m/n/9 ca-tion, ori-en-ta-tion, and spa-tial ex-tent of the mag-ne-tize
d anomaly.
 []


LaTeX Warning: Reference `fig:CMI_model_Cropped' on page 3 undefined on input l
ine 172.

<./Fig/CMI_model_Cropped.pdf, id=34, 597.07068pt x 291.24811pt>
File: ./Fig/CMI_model_Cropped.pdf Graphic file (type pdf)

<use ./Fig/CMI_model_Cropped.pdf>
Package pdftex.def Info: ./Fig/CMI_model_Cropped.pdf used on input line 175.
(pdftex.def)             Requested size: 190.04887pt x 92.70355pt.


LaTeX Warning: Reference `fig:Osborne_data_crop' on page 3 undefined on input l
ine 178.


LaTeX Warning: Reference `fig:Osborne_data_crop' on page 3 undefined on input l
ine 179.

<./Fig/Osborne_data_crop.pdf, id=35, 527.57097pt x 234.8775pt>
File: ./Fig/Osborne_data_crop.pdf Graphic file (type pdf)

<use ./Fig/Osborne_data_crop.pdf>
Package pdftex.def Info: ./Fig/Osborne_data_crop.pdf used on input line 180.
(pdftex.def)             Requested size: 223.58531pt x 99.54027pt.


Package natbib Warning: Citation `Anderson1992' on page 3 undefined on input li
ne 180.


Package natbib Warning: Citation `Anderson1992' on page 3 undefined on input li
ne 180.


Package natbib Warning: Citation `Anderson1992' on page 3 undefined on input li
ne 182.


Package natbib Warning: Citation `Krahenbuhl2007' on page 3 undefined on input 
line 184.

[3 <./Fig/Amp_model_Cropped.pdf, page is rotated 90 degrees> <./Fig/MVI_model_C
ropped.pdf, page is rotated 90 degrees> <./Fig/CMI_model_Cropped.pdf, page is r
otated 90 degrees>]

LaTeX Warning: Reference `fig:Osborne_MVI_crop' on page 4 undefined on input li
ne 188.


LaTeX Warning: Reference `fig:Osborne_MVI_crop' on page 4 undefined on input li
ne 188.

<./Fig/Osborne_MVI_crop.pdf, id=54, 513.11702pt x 224.037pt>
File: ./Fig/Osborne_MVI_crop.pdf Graphic file (type pdf)

<use ./Fig/Osborne_MVI_crop.pdf>
Package pdftex.def Info: ./Fig/Osborne_MVI_crop.pdf used on input line 189.
(pdftex.def)             Requested size: 223.58531pt x 97.6228pt.


LaTeX Warning: Reference `fig:Osborne_CMI_crop' on page 4 undefined on input li
ne 191.


LaTeX Warning: Reference `fig:Osborne_CMI_crop' on page 4 undefined on input li
ne 191.

<./Fig/Osborne_CMI_crop.pdf, id=55, 513.11702pt x 224.037pt>
File: ./Fig/Osborne_CMI_crop.pdf Graphic file (type pdf)

<use ./Fig/Osborne_CMI_crop.pdf>
Package pdftex.def Info: ./Fig/Osborne_CMI_crop.pdf used on input line 192.
(pdftex.def)             Requested size: 223.58531pt x 97.6228pt.


Package natbib Warning: Citation `FournierMSc' on page 4 undefined on input lin
e 195.


LaTeX Warning: Command \l invalid in math mode on input line 195.


LaTeX Warning: Reference `fig:Osborne_CMI_lplq_crop' on page 4 undefined on inp
ut line 195.

<./Fig/Osborne_CMI_lplq_crop.pdf, id=56, 513.11702pt x 224.037pt>
File: ./Fig/Osborne_CMI_lplq_crop.pdf Graphic file (type pdf)

<use ./Fig/Osborne_CMI_lplq_crop.pdf>
Package pdftex.def Info: ./Fig/Osborne_CMI_lplq_crop.pdf used on input line 196
.
(pdftex.def)             Requested size: 223.58531pt x 97.6228pt.

No file CMI_Abstract.bbl.

Package natbib Warning: There were undefined citations.

[4 <./Fig/Osborne_data_crop.pdf> <./Fig/Osborne_MVI_crop.pdf> <./Fig/Osborne_CM
I_crop.pdf> <./Fig/Osborne_CMI_lplq_crop.pdf>] (CMI_Abstract.aux)

LaTeX Warning: There were undefined references.


LaTeX Warning: Label(s) may have changed. Rerun to get cross-references right.

 ) 
Here is how much of TeX's memory you used:
 4144 strings out of 493333
 61258 string characters out of 3139158
 134644 words of memory out of 3000000
 7585 multiletter control sequences out of 15000+200000
 41653 words of font info for 94 fonts, out of 3000000 for 9000
 1141 hyphenation exceptions out of 8191
 51i,25n,45p,656b,310s stack positions out of 5000i,500n,10000p,200000b,50000s
{C:/Program Files/MiKTeX 2.9/fonts/enc/dvips/base/8r.enc}<C:/Program Files/Mi
KTeX 2.9/fonts/type1/public/amsfonts/cmextra/cmex9.pfb><C:/Program Files/MiKTeX
 2.9/fonts/type1/public/amsfonts/cm/cmmi10.pfb><C:/Program Files/MiKTeX 2.9/fon
ts/type1/public/amsfonts/cm/cmr10.pfb><C:/Program Files/MiKTeX 2.9/fonts/type1/
public/amsfonts/cm/cmsy10.pfb><C:/Program Files/MiKTeX 2.9/fonts/type1/public/a
msfonts/cm/cmsy7.pfb><C:/Program Files/MiKTeX 2.9/fonts/type1/urw/symbol/usyr.p
fb><C:/Program Files/MiKTeX 2.9/fonts/type1/urw/symbol/usyr.pfb><C:/Program Fil
es/MiKTeX 2.9/fonts/type1/urw/times/utmb8a.pfb><C:/Program Files/MiKTeX 2.9/fon
ts/type1/urw/times/utmr8a.pfb><C:/Program Files/MiKTeX 2.9/fonts/type1/urw/time
s/utmri8a.pfb>
Output written on CMI_Abstract.pdf (4 pages, 1699941 bytes).
PDF statistics:
 156 PDF objects out of 1000 (max. 8388607)
 0 named destinations out of 1000 (max. 500000)
 46 words of extra memory for PDF output out of 10000 (max. 10000000)

